INFO - [♥] Lovely 0.7.1
INFO - [♥] Game directory is at "Z:\\home\\hazel\\.steam\\debian-installation\\steamapps\\common\\Balatro"
INFO - [♥] Writing logs to "C:\\users\\steamuser\\AppData\\Roaming\\Balatro\\Mods\\lovely\\log"
INFO - [♥] Using mod directory at "C:\\users\\steamuser\\AppData\\Roaming\\Balatro\\Mods"
INFO - [♥] Found .lovelyignore in 'DebugPlus', skipping it.
INFO - [♥] Found .lovelyignore in 'GamepadStyleKeyboardControls', skipping it.
INFO - [♥] Cleaning up dumps directory at "C:\\users\\steamuser\\AppData\\Roaming\\Balatro\\Mods\\lovely\\dump"
INFO - [♥] Initialization complete in 193ms
INFO - [♥] Applied 12 patches to 'main.lua'
INFO - [♥] Applied 5 patches to 'engine/controller.lua'
INFO - [♥] Applied 12 patches to 'back.lua'
INFO - [♥] Applied 6 patches to 'tag.lua'
INFO - [♥] Applied 1 patch to 'engine/moveable.lua'
INFO - [♥] Applied 2 patches to 'engine/sprite.lua'
INFO - [♥] Applied 2 patches to 'engine/animatedsprite.lua'
INFO - [♥] Applied 41 patches to 'functions/misc_functions.lua'
INFO - [♥] Applied 24 patches to 'game.lua'
INFO - [♥] Applied 1 patch to 'globals.lua'
INFO - [♥] Applied 3 patches to 'engine/ui.lua'
INFO - [♥] Applied 69 patches to 'functions/UI_definitions.lua'
INFO - [♥] Applied 39 patches to 'functions/state_events.lua'
INFO - [♥] Applied 84 patches to 'functions/common_events.lua'
INFO - [♥] Applied 35 patches to 'functions/button_callbacks.lua'
INFO - [♥] Applied 139 patches to 'card.lua'
INFO - [♥] Applied 6 patches to 'cardarea.lua'
INFO - [♥] Applied 30 patches to 'blind.lua'
INFO - [♥] Applied 2 patches to 'engine/text.lua'
INFO - [G] Failed to connect to the debug server
INFO - [G] 2025-02-19 23:23:35 :: DEBUG :: DebugConsole :: Steamodded Debug Socket started !
INFO - [♥] Applied 9 patches to 'engine/sound_manager.lua'
INFO - [♥] Applied 1 patch to 'engine/save_manager.lua'
INFO - [G] 2025-02-19 23:23:37 :: INFO  :: DefaultLogger :: Valid JSON file found
INFO - [G] 2025-02-19 23:23:37 :: TRACE :: Loader :: Processing Mod file (Legacy header): GamepadStyleKeyboardControls.lua
INFO - [G] 2025-02-19 23:23:37 :: TRACE :: Loader :: Saving Mod Info: GamepadStyleKeyboardControls
INFO - [G] 2025-02-19 23:23:37 :: WARN  :: Loader :: Found lone Lua file Riff-Raffling.lua in Mods directory :: Please place the files for each mod in its own subdirectory.
INFO - [G] 2025-02-19 23:23:37 :: TRACE :: Loader :: Processing Mod file (Legacy header): Riff-Raffling.lua
INFO - [G] 2025-02-19 23:23:37 :: TRACE :: Loader :: Saving Mod Info: FTV
INFO - [G] 2025-02-19 23:23:38 :: TRACE :: Loader :: Mod DebugPlus was unable to load: 
INFO - [G] 2025-02-19 23:23:38 :: TRACE :: Loader :: Mod FTV was unable to load: 
INFO - [G] 2025-02-19 23:23:38 :: TRACE :: Loader :: Mod GamepadStyleKeyboardControls was unable to load: 
INFO - [G] 2025-02-19 23:23:38 :: INFO  :: TIMER :: [0000] Injected Language in 0.004 ms
INFO - [G] 2025-02-19 23:23:38 :: INFO  :: TIMER :: [0000] Injected [INTERNAL] in 4.321 ms
INFO - [G] 2025-02-19 23:23:39 :: INFO  :: TIMER :: [0002] Injected Atlas in 989.077 ms
INFO - [G] 2025-02-19 23:23:39 :: INFO  :: TIMER :: [0000] Injected Sound in 0.006 ms
INFO - [G] 2025-02-19 23:23:39 :: INFO  :: TIMER :: [0008] Injected Stake in 0.581 ms
INFO - [G] 2025-02-19 23:23:39 :: INFO  :: TIMER :: [0004] Injected Rarity in 0.106 ms
INFO - [G] 2025-02-19 23:23:39 :: INFO  :: TIMER :: [0004] Injected ObjectType in 0.330 ms
INFO - [G] 2025-02-19 23:23:39 :: INFO  :: TIMER :: [0048] Injected Center in 2.153 ms
INFO - [G] 2025-02-19 23:23:39 :: INFO  :: TIMER :: [0007] Injected Undiscovered Sprite in 0.041 ms
INFO - [G] 2025-02-19 23:23:39 :: INFO  :: TIMER :: [0002] Injected Blind in 0.046 ms
INFO - [G] 2025-02-19 23:23:39 :: INFO  :: TIMER :: [0004] Injected Seal in 0.537 ms
INFO - [G] 2025-02-19 23:23:39 :: INFO  :: TIMER :: [0004] Injected Suit in 0.313 ms
INFO - [G] 2025-02-19 23:23:39 :: INFO  :: TIMER :: [0013] Injected Rank in 0.340 ms
INFO - [G] 2025-02-19 23:23:39 :: INFO  :: TIMER :: [0016] Injected DeckSkin in 0.089 ms
INFO - [G] 2025-02-19 23:23:39 :: INFO  :: TIMER :: [0012] Injected PokerHand in 0.418 ms
INFO - [G] 2025-02-19 23:23:39 :: INFO  :: TIMER :: [0020] Injected Challenge in 0.331 ms
INFO - [G] 2025-02-19 23:23:39 :: INFO  :: TIMER :: [0000] Injected Tag in 0.003 ms
INFO - [G] 2025-02-19 23:23:39 :: INFO  :: TIMER :: [0004] Injected Sticker in 0.271 ms
INFO - [G] 2025-02-19 23:23:39 :: INFO  :: TIMER :: [0000] Injected Shader in 0.006 ms
INFO - [G] 2025-02-19 23:23:39 :: INFO  :: TIMER :: [0001] Injected Keybind in 0.032 ms
INFO - [G] 2025-02-19 23:23:39 :: INFO  :: TIMER :: [0000] Injected Achievement in 0.158 ms
INFO - [G] 2025-02-19 23:23:39 :: INFO  :: TIMER :: [0000] Injected [INTERNAL] in 0.012 ms
INFO - [G] LONG DT @ 338: 0.050074501166513
INFO - [G] LONG DT @ 443: 0.05000589108495
INFO - [G] LONG DT @ 685: 0.059501358461646
INFO - [G] LONG DT @ 685: 0.065462206769315
INFO - [G] LONG DT @ 685: 0.05705578541546
INFO - [G] LONG DT @ 685: 0.050006988332373
INFO - [G] LONG DT @ 772: 0.050079721499217
INFO - [G] LONG DT @ 832: 0.0522977758127
INFO - [G] LONG DT @ 986: 0.05076618313803
INFO - [G] LONG DT @ 986: 0.056119694566675
INFO - [G] LONG DT @ 1024: 0.05071484859759
INFO - [G] LONG DT @ 1024: 0.07236671887807
INFO - [G] LONG DT @ 1025: 0.071324475102458
INFO - [G] LONG DT @ 1025: 0.07592710008197
INFO - [G] LONG DT @ 1025: 0.07183372006557
INFO - [G] LONG DT @ 1025: 0.065197996052462
INFO - [G] LONG DT @ 1025: 0.063420696841968
INFO - [G] LONG DT @ 1025: 0.059961437473585
INFO - [G] LONG DT @ 1025: 0.06817184997885
INFO - [G] LONG DT @ 1025: 0.068231679983089
INFO - [G] LONG DT @ 1025: 0.066326643986465
INFO - [G] LONG DT @ 1025: 0.066556775189185
INFO - [G] LONG DT @ 1025: 0.061707080151337
INFO - [G] LONG DT @ 1025: 0.060966204121065
INFO - [G] LONG DT @ 1025: 0.056760123296868
INFO - [G] LONG DT @ 1025: 0.056711158637494
INFO - [G] LONG DT @ 1025: 0.054195506909977
INFO - [G] LONG DT @ 1025: 0.051447445527981
INFO - [G] LONG DT @ 1026: 0.050306436422384
INFO - [G] LONG DT @ 1026: 0.051033989137916
INFO - [G] LONG DT @ 1026: 0.05038769399067
INFO - [G] LONG DT @ 1028: 0.050644028895093
INFO - [G] LONG DT @ 1070: 0.1
INFO - [G] LONG DT @ 1070: 0.1
INFO - [G] LONG DT @ 1070: 0.087281120000016
INFO - [G] LONG DT @ 1070: 0.082026375999989
INFO - [G] LONG DT @ 1070: 0.080721140800007
INFO - [G] LONG DT @ 1070: 0.071215692640008
INFO - [G] LONG DT @ 1070: 0.079605414111983
INFO - [G] LONG DT @ 1070: 0.069099791289626
INFO - [G] LONG DT @ 1070: 0.060138613031696
INFO - [G] LONG DT @ 1070: 0.055925210425346
INFO - [G] LONG DT @ 1070: 0.053285948340262
INFO - [G] LONG DT @ 1070: 0.079536708280174
INFO - [G] LONG DT @ 1071: 0.086432586624153
INFO - [G] LONG DT @ 1071: 0.083714229299321
INFO - [G] LONG DT @ 1071: 0.081545463439423
INFO - [G] LONG DT @ 1071: 0.072937370751536
INFO - [G] LONG DT @ 1071: 0.073291996601236
INFO - [G] LONG DT @ 1071: 0.063508317280987
INFO - [G] LONG DT @ 1071: 0.060381493824794
INFO - [G] LONG DT @ 1071: 0.057924815059848
INFO - [G] LONG DT @ 1071: 0.055439752047879
INFO - [G] LONG DT @ 1071: 0.051084281638286
INFO - [G] LONG DT @ 1071: 0.050717665310643
INFO - [G] LONG DT @ 1072: 0.057959404225538
INFO - [G] LONG DT @ 1072: 0.051434163380426
INFO - [G] LONG DT @ 1072: 0.052391210050769
INFO - [G] LONG DT @ 1074: 0.056200070919079
INFO - [G] LONG DT @ 1076: 0.050393672654332
INFO - [G] LONG DT @ 1102: 0.097399218150815
INFO - [G] LONG DT @ 1102: 0.1
INFO - [G] LONG DT @ 1102: 0.085863039999986
INFO - [G] LONG DT @ 1102: 0.076995491999964
INFO - [G] LONG DT @ 1102: 0.071251413600007
INFO - [G] LONG DT @ 1102: 0.06346437088
INFO - [G] LONG DT @ 1102: 0.056722836704001
INFO - [G] LONG DT @ 1102: 0.052740449363174
INFO - [G] LONG DT @ 1119: 0.081418721313755
INFO - [G] LONG DT @ 1119: 0.08482209705103
INFO - [G] LONG DT @ 1119: 0.075561137640818
INFO - [G] LONG DT @ 1119: 0.066518990112626
INFO - [G] LONG DT @ 1119: 0.060270032090102
INFO - [G] LONG DT @ 1119: 0.055436165672108
INFO - [G] LONG DT @ 1120: 0.050939474665183
INFO - [G] LONG DT @ 1121: 0.064321607835805
INFO - [G] LONG DT @ 1121: 0.055772046268632
INFO - [G] LONG DT @ 1122: 0.060757397014939
INFO - [G] LONG DT @ 1122: 0.057865657611921
INFO - [G] LONG DT @ 1122: 0.055069786089571
INFO - [G] LONG DT @ 1122: 0.05317294887163
INFO - [G] LONG DT @ 1122: 0.050595879097315
INFO - [G] LONG DT @ 1123: 0.050997866090457
INFO - [G] LONG DT @ 1272: 0.082579020666597
INFO - [G] LONG DT @ 1272: 0.086091096533276
INFO - [G] LONG DT @ 1272: 0.081900597226612
INFO - [G] LONG DT @ 1272: 0.07274803778129
INFO - [G] LONG DT @ 1272: 0.064862890225034
INFO - [G] LONG DT @ 1272: 0.063555732180036
INFO - [G] LONG DT @ 1272: 0.05855628574401
INFO - [G] LONG DT @ 1272: 0.053076868595218
INFO - [G] LONG DT @ 1272: 0.052843074876141
INFO - [G] LONG DT @ 1272: 0.050226499900922
