INFO - [♥] Lovely 0.7.1
INFO - [♥] Game directory is at "Z:\\home\\hazel\\.steam\\debian-installation\\steamapps\\common\\Balatro"
INFO - [♥] Writing logs to "C:\\users\\steamuser\\AppData\\Roaming\\Balatro\\Mods\\lovely\\log"
INFO - [♥] Using mod directory at "C:\\users\\steamuser\\AppData\\Roaming\\Balatro\\Mods"
INFO - [♥] Cleaning up dumps directory at "C:\\users\\steamuser\\AppData\\Roaming\\Balatro\\Mods\\lovely\\dump"
INFO - [♥] Initialization complete in 72ms
INFO - [♥] Applied 12 patches to 'main.lua'
INFO - [♥] Applied 5 patches to 'engine/controller.lua'
INFO - [♥] Applied 12 patches to 'back.lua'
INFO - [♥] Applied 6 patches to 'tag.lua'
INFO - [♥] Applied 1 patch to 'engine/moveable.lua'
INFO - [♥] Applied 2 patches to 'engine/sprite.lua'
INFO - [♥] Applied 2 patches to 'engine/animatedsprite.lua'
INFO - [♥] Applied 41 patches to 'functions/misc_functions.lua'
INFO - [♥] Applied 24 patches to 'game.lua'
INFO - [♥] Applied 1 patch to 'globals.lua'
INFO - [♥] Applied 3 patches to 'engine/ui.lua'
INFO - [♥] Applied 69 patches to 'functions/UI_definitions.lua'
INFO - [♥] Applied 39 patches to 'functions/state_events.lua'
INFO - [♥] Applied 84 patches to 'functions/common_events.lua'
INFO - [♥] Applied 35 patches to 'functions/button_callbacks.lua'
INFO - [♥] Applied 139 patches to 'card.lua'
INFO - [♥] Applied 6 patches to 'cardarea.lua'
INFO - [♥] Applied 30 patches to 'blind.lua'
INFO - [♥] Applied 2 patches to 'engine/text.lua'
INFO - [G] Failed to connect to the debug server
INFO - [G] 2025-02-04 15:09:29 :: DEBUG :: DebugConsole :: Steamodded Debug Socket started !
INFO - [♥] Applied 9 patches to 'engine/sound_manager.lua'
INFO - [♥] Applied 1 patch to 'engine/save_manager.lua'
INFO - [G] 2025-02-04 15:09:31 :: TRACE :: Loader :: Processing Mod file (Legacy header): GamepadStyleKeyboardControls.lua
INFO - [G] 2025-02-04 15:09:31 :: TRACE :: Loader :: Saving Mod Info: GamepadStyleKeyboardControls
INFO - [G] 2025-02-04 15:09:31 :: WARN  :: Loader :: Found lone Lua file Riff-Raffling.lua in Mods directory :: Please place the files for each mod in its own subdirectory.
INFO - [G] 2025-02-04 15:09:31 :: TRACE :: Loader :: Processing Mod file (Legacy header): Riff-Raffling.lua
INFO - [G] 2025-02-04 15:09:31 :: TRACE :: Loader :: Saving Mod Info: FTV
INFO - [G] 2025-02-04 15:09:31 :: TRACE :: Loader :: Mod FTV was unable to load: 
INFO - [G] 2025-02-04 15:09:31 :: INFO  :: TIMER :: [0000] Injected Language in 0.004 ms
INFO - [G] 2025-02-04 15:09:31 :: INFO  :: TIMER :: [0000] Injected [INTERNAL] in 3.329 ms
INFO - [G] 2025-02-04 15:09:32 :: INFO  :: TIMER :: [0003] Injected Atlas in 832.339 ms
INFO - [G] 2025-02-04 15:09:32 :: INFO  :: TIMER :: [0000] Injected Sound in 0.003 ms
INFO - [G] 2025-02-04 15:09:32 :: INFO  :: TIMER :: [0008] Injected Stake in 0.314 ms
INFO - [G] 2025-02-04 15:09:32 :: INFO  :: TIMER :: [0004] Injected Rarity in 0.025 ms
INFO - [G] 2025-02-04 15:09:32 :: INFO  :: TIMER :: [0004] Injected ObjectType in 0.086 ms
INFO - [G] 2025-02-04 15:09:32 :: INFO  :: TIMER :: [0048] Injected Center in 1.303 ms
INFO - [G] 2025-02-04 15:09:32 :: INFO  :: TIMER :: [0007] Injected Undiscovered Sprite in 0.037 ms
INFO - [G] 2025-02-04 15:09:32 :: INFO  :: TIMER :: [0002] Injected Blind in 0.041 ms
INFO - [G] 2025-02-04 15:09:32 :: INFO  :: TIMER :: [0004] Injected Seal in 0.745 ms
INFO - [G] 2025-02-04 15:09:32 :: INFO  :: TIMER :: [0004] Injected Suit in 0.801 ms
INFO - [G] 2025-02-04 15:09:32 :: INFO  :: TIMER :: [0013] Injected Rank in 0.217 ms
INFO - [G] 2025-02-04 15:09:32 :: INFO  :: TIMER :: [0016] Injected DeckSkin in 0.093 ms
INFO - [G] 2025-02-04 15:09:32 :: INFO  :: TIMER :: [0012] Injected PokerHand in 0.138 ms
INFO - [G] 2025-02-04 15:09:32 :: INFO  :: TIMER :: [0020] Injected Challenge in 0.073 ms
INFO - [G] 2025-02-04 15:09:32 :: INFO  :: TIMER :: [0000] Injected Tag in 0.004 ms
INFO - [G] 2025-02-04 15:09:32 :: INFO  :: TIMER :: [0004] Injected Sticker in 0.242 ms
INFO - [G] 2025-02-04 15:09:32 :: INFO  :: TIMER :: [0000] Injected Shader in 0.004 ms
INFO - [G] 2025-02-04 15:09:32 :: INFO  :: TIMER :: [0001] Injected Keybind in 0.032 ms
INFO - [G] 2025-02-04 15:09:32 :: INFO  :: TIMER :: [0000] Injected Achievement in 0.168 ms
INFO - [G] 2025-02-04 15:09:32 :: INFO  :: TIMER :: [0000] Injected [INTERNAL] in 1.170 ms
INFO - [G] ERROR LOADING GAME: Card area 'shop_booster' not instantiated before load
INFO - [G] ERROR LOADING GAME: Card area 'shop_jokers' not instantiated before load
INFO - [G] ERROR LOADING GAME: Card area 'shop_vouchers' not instantiated before load
INFO - [G] line not found
INFO - [G] file not found: main.lua: No such file or directory
INFO - [G] file not found: main.lua: No such file or directory
INFO - [G] file not found: functions/button_callbacks.lua: No such file or directory
INFO - [G] file not found: main.lua: No such file or directory
INFO - [G] file not found: main.lua: No such file or directory
INFO - [G] 2025-02-04 15:09:53 :: ERROR :: StackTrace :: Oops! The game crashed
[SMODS _ "src/utils.lua"]:1203: attempt to index local 'edition' (a nil value)
Stack Traceback
===============
(1) Lua local 'handler' at file 'main.lua:612'
	Local variables:
	 msg = string: "[SMODS _ \"src/utils.lua\"]:1203: attempt to index local 'edition' (a nil value)"
	 (*temporary) = Lua function '?' (defined at line 31 of chunk [SMODS _ "src/logging.lua"])
	 (*temporary) = string: "Oops! The game crashed\
"
(2) LÖVE metamethod at file 'boot.lua:352'
	Local variables:
	 errhand = Lua function '?' (defined at line 598 of chunk main.lua)
	 handler = Lua function '?' (defined at line 598 of chunk main.lua)
(3) Lua method 'calculate_edition' at Steamodded file 'src/utils.lua:1203' 
	Local variables:
	 self = table: 0x04c4ea08  {click_offset:table: 0x065bde98, children:table: 0x03ddbb50, ambient_tilt:0.2 (more...)}
	 context = table: 0x0659ff80  {ending_shop:true, cardarea:table: 0x044257b8, main_eval:true}
	 edition = nil
	 (*temporary) = nil
	 (*temporary) = nil
	 (*temporary) = nil
	 (*temporary) = number: 1
	 (*temporary) = string: "attempt to index local 'edition' (a nil value)"
(4) Lua global 'eval_card' at file 'functions/common_events.lua:683'
	Local variables:
	 card = table: 0x04c4ea08  {click_offset:table: 0x065bde98, children:table: 0x03ddbb50, ambient_tilt:0.2 (more...)}
	 context = table: 0x0659ff80  {ending_shop:true, cardarea:table: 0x044257b8, main_eval:true}
	 ret = table: 0x05e1ae50  {}
(5) Lua field 'calculate_context' at Steamodded file 'src/utils.lua:1221' 
	Local variables:
	 context = table: 0x0659ff80  {ending_shop:true, cardarea:table: 0x044257b8, main_eval:true}
	 return_table = nil
	 (for generator) = C function: builtin#6
	 (for state) = table: 0x05e12778  {1:table: 0x044257b8, 2:table: 0x065bcfa8, 3:table: 0x0657f078}
	 (for control) = number: 1
	 _ = number: 1
	 area = table: 0x044257b8  {click_offset:table: 0x03fc8958, children:table: 0x03f92240, shuffle_amt:0 (more...)}
	 (for generator) = C function: builtin#6
	 (for state) = table: 0x03f92218  {1:table: 0x03f92268, 2:table: 0x066551e8, 3:table: 0x04c4ea08, 4:table: 0x03ee7e40 (more...)}
	 (for control) = number: 3
	 _ = number: 3
	 _card = table: 0x04c4ea08  {click_offset:table: 0x065bde98, children:table: 0x03ddbb50, ambient_tilt:0.2 (more...)}
(6) Lua function '?' at file 'functions/button_callbacks.lua:2499' (best guess)
	Local variables:
	 e = table: 0x05d2fa58  {pixellated_rect:table: 0x05de4758, click_offset:table: 0x05d2fb20, children:table: 0x05d2fa80 (more...)}
(7) Lua method 'click' at file 'engine/ui.lua:981'
	Local variables:
	 self = table: 0x05d2fa58  {pixellated_rect:table: 0x05de4758, click_offset:table: 0x05d2fb20, children:table: 0x05d2fa80 (more...)}
(8) Lua method 'process_registry' at file 'engine/controller.lua:462'
	Local variables:
	 self = table: 0x03ca5560  {held_button_times:table: 0x03e9ba80, focus_cursor_stack_level:1, interrupt:table: 0x03dd5668 (more...)}
	 (for generator) = C function: next
	 (for state) = table: 0x03e9b7d0  {b:table: 0x03d4d218, x:table: 0x03fa5658, back:table: 0x05ca5440, rightshoulder:table: 0x0929a6e0 (more...)}
	 (for control) = number: nan
	 _ = string: "y"
	 registry = table: 0x05d38dd8  {1:table: 0x05d38e00}
	 (for index) = number: 1
	 (for limit) = number: 1
	 (for step) = number: 1
	 i = number: 1
(9) Lua method 'update' at file 'engine/controller.lua:380'
	Local variables:
	 self = table: 0x03ca5560  {held_button_times:table: 0x03e9ba80, focus_cursor_stack_level:1, interrupt:table: 0x03dd5668 (more...)}
	 dt = number: 0.0169568
(10) Lua upvalue 'gameUpdateRef' at file 'game.lua:2657'
	Local variables:
	 self = table: 0x03cdf700  {F_GUIDE:false, F_CRASH_REPORTS:false, F_QUIT_BUTTON:true, HUD_tags:table: 0x05ce3fc0 (more...)}
	 dt = number: 0.0169568
(11) Lua method 'update' at Steamodded file 'src/ui.lua:81' 
	Local variables:
	 self = table: 0x03cdf700  {F_GUIDE:false, F_CRASH_REPORTS:false, F_QUIT_BUTTON:true, HUD_tags:table: 0x05ce3fc0 (more...)}
	 dt = number: 0.0169568
(12) Lua field 'update' at file 'main.lua:992'
	Local variables:
	 dt = number: 0.0169568
(13) Lua function '?' at file 'main.lua:931' (best guess)
(14) global C function 'xpcall'
(15) LÖVE function at file 'boot.lua:377' (best guess)
	Local variables:
	 func = Lua function '?' (defined at line 902 of chunk main.lua)
	 inerror = boolean: true
	 deferErrhand = Lua function '(LÖVE Function)' (defined at line 348 of chunk [love "boot.lua"])
	 earlyinit = Lua function '(LÖVE Function)' (defined at line 355 of chunk [love "boot.lua"])

INFO - [G] file not found: functions/button_callbacks.lua: No such file or directory
INFO - [G] file not found: main.lua: No such file or directory
INFO - [G] file not found: main.lua: No such file or directory
INFO - [G] 2025-02-04 15:09:53 :: INFO  :: StackTrace :: Additional Context:
Balatro Version: 1.0.1n-FULL
Modded Version: 1.0.0~ALPHA-1401a-STEAMODDED
LÖVE Version: 11.5.0
Lovely Version: 0.7.1
Platform: Windows
Steamodded Mods:
    1: Gamepad-Style Keyboard Controls by vgperson [ID: GamepadStyleKeyboardControls]
Lovely Mods:
