INFO - [♥] Lovely 0.7.1
INFO - [♥] Game directory is at "Z:\\home\\hazel\\.steam\\debian-installation\\steamapps\\common\\Balatro"
INFO - [♥] Writing logs to "C:\\users\\steamuser\\AppData\\Roaming\\Balatro\\Mods\\lovely\\log"
INFO - [♥] Using mod directory at "C:\\users\\steamuser\\AppData\\Roaming\\Balatro\\Mods"
INFO - [♥] Found .lovelyignore in 'DebugPlus', skipping it.
INFO - [♥] Found .lovelyignore in 'GamepadStyleKeyboardControls', skipping it.
INFO - [♥] Cleaning up dumps directory at "C:\\users\\steamuser\\AppData\\Roaming\\Balatro\\Mods\\lovely\\dump"
INFO - [♥] Initialization complete in 40ms
INFO - [♥] Applied 14 patches to 'main.lua'
INFO - [♥] Applied 5 patches to 'engine/controller.lua'
INFO - [♥] Applied 15 patches to 'back.lua'
INFO - [♥] Applied 7 patches to 'tag.lua'
INFO - [♥] Applied 1 patch to 'engine/moveable.lua'
INFO - [♥] Applied 2 patches to 'engine/sprite.lua'
INFO - [♥] Applied 2 patches to 'engine/animatedsprite.lua'
INFO - [♥] Applied 43 patches to 'functions/misc_functions.lua'
INFO - [♥] Applied 29 patches to 'game.lua'
INFO - [♥] Applied 1 patch to 'globals.lua'
INFO - [♥] Applied 3 patches to 'engine/ui.lua'
INFO - [♥] Applied 73 patches to 'functions/UI_definitions.lua'
INFO - [♥] Applied 43 patches to 'functions/state_events.lua'
INFO - [♥] Applied 92 patches to 'functions/common_events.lua'
INFO - [♥] Applied 42 patches to 'functions/button_callbacks.lua'
INFO - [♥] Applied 139 patches to 'card.lua'
INFO - [♥] Applied 8 patches to 'cardarea.lua'
INFO - [♥] Applied 34 patches to 'blind.lua'
INFO - [♥] Applied 2 patches to 'engine/text.lua'
INFO - [G] Failed to connect to the debug server
INFO - [G] 2025-02-27 17:36:44 :: DEBUG :: DebugConsole :: Steamodded Debug Socket started !
INFO - [♥] Applied 9 patches to 'engine/sound_manager.lua'
INFO - [♥] Applied 1 patch to 'engine/save_manager.lua'
INFO - [G] 2025-02-27 17:36:45 :: TRACE :: Loader :: Processing Mod file (Legacy header): GayPenis.lua
INFO - [G] 2025-02-27 17:36:45 :: TRACE :: Loader :: Saving Mod Info: GayPenis
INFO - [G] 2025-02-27 17:36:45 :: INFO  :: DefaultLogger :: Valid JSON file found
INFO - [G] 2025-02-27 17:36:45 :: TRACE :: Loader :: Processing Mod file (Legacy header): GamepadStyleKeyboardControls.lua
INFO - [G] 2025-02-27 17:36:45 :: TRACE :: Loader :: Saving Mod Info: GamepadStyleKeyboardControls
INFO - [G] 2025-02-27 17:36:45 :: INFO  :: DefaultLogger :: Valid JSON file found
INFO - [G] 2025-02-27 17:36:45 :: WARN  :: Loader :: Found lone Lua file Riff-Raffling.lua in Mods directory :: Please place the files for each mod in its own subdirectory.
INFO - [G] 2025-02-27 17:36:45 :: TRACE :: Loader :: Processing Mod file (Legacy header): Riff-Raffling.lua
INFO - [G] 2025-02-27 17:36:45 :: TRACE :: Loader :: Saving Mod Info: FTV
INFO - [G] line not found
INFO - [G] file not found: main.lua: No such file or directory
INFO - [G] file not found: main.lua: No such file or directory
INFO - [G] line not found
INFO - [G] line not found
INFO - [G] file not found: main.lua: No such file or directory
INFO - [G] 2025-02-27 17:36:45 :: ERROR :: StackTrace :: Oops! The game crashed
[SMODS Custom_blackAU_blueSV "custom_collabs.lua"]:47: attempt to index local 'atlas_s' (a nil value)
Stack Traceback
===============
(1) Lua local 'handler' at file 'main.lua:612'
	Local variables:
	 msg = string: "[SMODS Custom_blackAU_blueSV \"custom_collabs.lua\"]:47: attempt to index local 'atlas_s' (a nil value)"
	 (*temporary) = Lua function '?' (defined at line 31 of chunk [SMODS _ "src/logging.lua"])
	 (*temporary) = string: "Oops! The game crashed\
"
(2) LÖVE metamethod at file 'boot.lua:352'
	Local variables:
	 errhand = Lua function '?' (defined at line 598 of chunk main.lua)
	 handler = Lua function '?' (defined at line 598 of chunk main.lua)
(3) main chunk of file 'custom_collabs.lua' at line 47 (from mod with id Custom_blackAU_blueSV)
(4) Lua global 'loadMods' at Steamodded file 'src/loader.lua:571' 
	Local variables:
	 modsDirectory = string: "C:\\users\\steamuser\\AppData\\Roaming\\Balatro\\Mods"
	 header_components = table: 0x09a7fd18  {version:table: 0x0b9504a8, id:table: 0x09a7ff28, conflicts:table: 0x0b950398 (more...)}
	 json_spec = table: 0x0b950660  {version:table: 0x0b950da0, id:table: 0x0b950990, main_file:table: 0x0b950f80 (more...)}
	 used_prefixes = table: 0x0b951140  {game:GamepadStyleKeyboardControls}
	 lovely_directories = table: 0x0b951168  {1:C:\users\steamuser\AppData\Roaming\Balatro\Mods/DebugPlus/}
	 processDirectory = Lua function '?' (defined at line 185 of chunk [SMODS _ "src/loader.lua"])
	 keyset = table: 0x03e03968  {1:0}
	 check_dependencies = Lua function '?' (defined at line 419 of chunk [SMODS _ "src/loader.lua"])
	 (for generator) = C function: builtin#6
	 (for state) = table: 0x03e03968  {1:0}
	 (for control) = number: 1
	 _ = number: 1
	 priority = number: 0
	 (for generator) = C function: builtin#6
	 (for state) = table: 0x0b954978  {1:table: 0x04011ad0, 2:table: 0x045a58b0, 3:table: 0x04086740, 4:table: 0x06b3ee38 (more...)}
	 (for control) = number: 1
	 _ = number: 1
	 mod = table: 0x04011ad0  {version:1.0.0, id:Custom_blackAU_blueSV, main_file:custom_collabs.lua, can_load:true (more...)}
(5) Lua global 'initSteamodded' at Steamodded file 'src/loader.lua:654' 
(6) Lua method 'start_up' at file 'game.lua:211'
	Local variables:
	 self = table: 0x03df1718  {SPEEDFACTOR:1, F_GUIDE:false, keybind_mapping:table: 0x03dfc740, F_CRASH_REPORTS:false (more...)}
	 settings = string: "return {[\"version\"]=\"1.0.1o-FULL\",[\"reduced_motion\"]=false,[\"paused\"]=false,[\"QUEUED_CHANGE\"]={},[\"COMP\"]={[\"prev_name\"]=\"\",[\"name\"]=\"\",[\"score\"]=713271562200,},[\"colourblind_option\"]=true,[\"play_button_pos\"]=2,[\"CUSTOM_DECK\"]={[\"Collabs\"]={[\"Spades\"]=\"default\",[\"Hearts\"]=\"collab_AU\",[\"Diamonds\"]=\"collab_DTD\",[\"Clubs\"]=\"collab_VS\",},},[\"colour_palettes\"]={[\"Spades\"]=\"hc\",[\"Hearts\"]=\"hc\",[\"Diamonds\"]=\"hc\",[\"Clubs\"]=\"hc\",},[\"crashreports\"]=false,[\"tutorial_progress\"]={[\"hold_parts\"]={[\"first_hand_3\"]=true,[\"small_blind\"]=true,[\"big_blind\"]=true,[\"first_hand_4\"]=true,[\"second_hand\"]=true,[\"shop_1\"]=true,[\"first_hand_2\"]=true,[\"first_hand\"]=true,},[\"section\"]=\"second_hand\",[\"completed_parts\"]={[\"first_hand\"]=true,[\"first_hand_3\"]=true,[\"small_blind\"]=true,[\"big_blind\"]=true,[\"first_hand_4\"]=true,[\"shop_1\"]=true,[\"first_hand_section\"]=true,[\"first_hand_2\"]=true,[\"second_hand\"]=true,},},[\"language\"]=\"en-us\",[\"profile\"]=1,[\"WINDOW\"]={[\"vsync\"]=1,[\"display_names\"]={[1]=\"1\",},[\"screenmode\"]=\"Borderless\",[\"DISPLAYS\"]={[1]={[\"screen_resolutions\"]={[\"strings\"]={[1]=\"2256 X 1504\",},[\"values\"]={[1]={[\"w\"]=2256,[\"h\"]=1504,},},},[\"screen_res\"]={[\"w\"]=2256,[\"h\"]=1504,},[\"DPI_scale\"]=1,[\"MONITOR_DIMS\"]={[\"height\"]=1504,[\"width\"]=2256,},},},[\"selected_display\"]=1,},[\"run_stake_stickers\"]=true,[\"GAMESPEED\"]=4,[\"SOUND\"]={[\"volume\"]=0,[\"music_volume\"]=74.847517730496,[\"game_sounds_volume\"]=100,},[\"music_control\"]={[\"current_track\"]=\"\",[\"desired_track\"]=\"\",[\"lerp\"]=1,},[\"ACHIEVEMENTS_EARNED\"]={[\"card_discarder\"]=true,[\"_10k\"]=true,[\"retrograde\"]=true,[\"you_get_what_you_get\"]=true,[\"heads_up\"]=true,[\"shattered\"]=true,[\"royale\"]=true,[\"roi\"]=true,[\"tiny_hands\"]=true,[\"_100000k\"]=true,[\"cartomancy\"]=true,[\"speedrunner\"]=true,[\"flushed\"]=true,[\"mid_stakes\"]=true,[\"completionist\"]=true,[\"low_stakes\"]=true,[\"_1000k\"]=true,[\"ante_upper\"]=true,[\"astronomy\"]=true,[\"legendary\"]=true,[\"extreme_couponer\"]=true,[\"big_hands\"]=true,[\"rule_breaker\"]=true,[\"rule_bender\"]=true,[\"nest_egg\"]=true,[\"high_stakes\"]=true,[\"clairvoyance\"]=true,[\"ante_up\"]=true,[\"card_player\"]=true,},[\"screenshake\"]=0,[\"current_setup\"]=\"New Run\",[\"tutorial_complete\"]=true,[\"ambient_control\"]={[\"ambientFire1\"]={[\"per\"]=1.1,[\"vol\"]=0,},[\"ambientOrgan1\"]={[\"per\"]=0.7,[\"vol\"]=0,},[\"ambientFire2\"]={[\"per\"]=1.05,[\"vol\"]=0,},[\"ambientFire3\"]={[\"per\"]=1,[\"vol\"]=0,},},[\"DEMO\"]={[\"win_CTA_shown\"]=true,[\"quit_CTA_shown\"]=true,[\"timed_CTA_shown\"]=true,[\"total_uptime\"]=0.00861886,},[\"GRAPHICS\"]={[\"texture_scaling\"]=2,[\"crt\"]=69.844858156028,[\"shadows\"]=\"On\",[\"bloom\"]=2,},}"
	 settings_ver = nil
	 new_colour_proto = table: 0x03df9fd0  {Spades:table: 0x03dfa238, Hearts:table: 0x03dfa0e8, Diamonds:table: 0x03dfa1a0 (more...)}
	 sound_files = table: 0x03df1f78  {1:ambientFire1.ogg, 2:ambientFire2.ogg, 3:ambientFire3.ogg, 4:ambientOrgan1.ogg (more...)}
	 shader_files = table: 0x03e48808  {1:CRT.fs, 2:background.fs, 3:booster.fs, 4:debuff.fs, 5:dissolve.fs, 6:flame.fs (more...)}
(7) Lua field 'load' at file 'main.lua:945'
(8) Lua function '?' at file 'main.lua:892' (best guess)
(9) global C function 'xpcall'
(10) LÖVE function at file 'boot.lua:368' (best guess)
	Local variables:
	 result = boolean: true
	 main = nil
(11) global C function 'xpcall'
(12) LÖVE function at file 'boot.lua:377' (best guess)
	Local variables:
	 func = Lua function '(LÖVE Function)' (defined at line 355 of chunk [love "boot.lua"])
	 inerror = boolean: true
	 deferErrhand = Lua function '(LÖVE Function)' (defined at line 348 of chunk [love "boot.lua"])
	 earlyinit = Lua function '(LÖVE Function)' (defined at line 355 of chunk [love "boot.lua"])

INFO - [G] line not found
INFO - [G] line not found
INFO - [G] file not found: main.lua: No such file or directory
INFO - [G] 2025-02-27 17:36:45 :: INFO  :: StackTrace :: Additional Context:
Balatro Version: 1.0.1o-FULL
Modded Version: 1.0.0~ALPHA-1427d-STEAMODDED
LÖVE Version: 11.5.0
Lovely Version: 0.7.1
Platform: Windows
Steamodded Mods:
    1: Custom Collabs by hazel410 [ID: Custom_blackAU_blueSV, Version: 1.0.0]
    2: GayPenis by FosterBarnes [ID: GayPenis]
Lovely Mods:
