INFO - [♥] Lovely 0.7.1
INFO - [♥] Game directory is at "Z:\\home\\hazel\\.steam\\debian-installation\\steamapps\\common\\Balatro"
INFO - [♥] Writing logs to "C:\\users\\steamuser\\AppData\\Roaming\\Balatro\\Mods\\lovely\\log"
INFO - [♥] Using mod directory at "C:\\users\\steamuser\\AppData\\Roaming\\Balatro\\Mods"
INFO - [♥] Found .lovelyignore in 'DebugPlus', skipping it.
INFO - [♥] Found .lovelyignore in 'GamepadStyleKeyboardControls', skipping it.
INFO - [♥] Cleaning up dumps directory at "C:\\users\\steamuser\\AppData\\Roaming\\Balatro\\Mods\\lovely\\dump"
INFO - [♥] Initialization complete in 210ms
INFO - [♥] Applied 12 patches to 'main.lua'
INFO - [♥] Applied 5 patches to 'engine/controller.lua'
INFO - [♥] Applied 12 patches to 'back.lua'
INFO - [♥] Applied 6 patches to 'tag.lua'
INFO - [♥] Applied 1 patch to 'engine/moveable.lua'
INFO - [♥] Applied 2 patches to 'engine/sprite.lua'
INFO - [♥] Applied 2 patches to 'engine/animatedsprite.lua'
INFO - [♥] Applied 41 patches to 'functions/misc_functions.lua'
INFO - [♥] Applied 24 patches to 'game.lua'
INFO - [♥] Applied 1 patch to 'globals.lua'
INFO - [♥] Applied 3 patches to 'engine/ui.lua'
INFO - [♥] Applied 69 patches to 'functions/UI_definitions.lua'
INFO - [♥] Applied 39 patches to 'functions/state_events.lua'
INFO - [♥] Applied 84 patches to 'functions/common_events.lua'
INFO - [♥] Applied 35 patches to 'functions/button_callbacks.lua'
INFO - [♥] Applied 139 patches to 'card.lua'
INFO - [♥] Applied 6 patches to 'cardarea.lua'
INFO - [♥] Applied 30 patches to 'blind.lua'
INFO - [♥] Applied 2 patches to 'engine/text.lua'
INFO - [G] Failed to connect to the debug server
INFO - [G] 2025-02-24 15:26:18 :: DEBUG :: DebugConsole :: Steamodded Debug Socket started !
INFO - [♥] Applied 9 patches to 'engine/sound_manager.lua'
INFO - [♥] Applied 1 patch to 'engine/save_manager.lua'
INFO - [G] 2025-02-24 15:26:21 :: INFO  :: DefaultLogger :: Valid JSON file found
INFO - [G] 2025-02-24 15:26:21 :: TRACE :: Loader :: Processing Mod file (Legacy header): GamepadStyleKeyboardControls.lua
INFO - [G] 2025-02-24 15:26:21 :: TRACE :: Loader :: Saving Mod Info: GamepadStyleKeyboardControls
INFO - [G] 2025-02-24 15:26:21 :: WARN  :: Loader :: Found lone Lua file Riff-Raffling.lua in Mods directory :: Please place the files for each mod in its own subdirectory.
INFO - [G] 2025-02-24 15:26:21 :: TRACE :: Loader :: Processing Mod file (Legacy header): Riff-Raffling.lua
INFO - [G] 2025-02-24 15:26:21 :: TRACE :: Loader :: Saving Mod Info: FTV
INFO - [G] 2025-02-24 15:26:21 :: TRACE :: Loader :: Mod DebugPlus was unable to load: 
INFO - [G] 2025-02-24 15:26:21 :: TRACE :: Loader :: Mod FTV was unable to load: 
INFO - [G] 2025-02-24 15:26:21 :: TRACE :: Loader :: Mod GamepadStyleKeyboardControls was unable to load: 
INFO - [G] 2025-02-24 15:26:21 :: INFO  :: TIMER :: [0000] Injected Language in 0.003 ms
INFO - [G] 2025-02-24 15:26:21 :: INFO  :: TIMER :: [0000] Injected [INTERNAL] in 6.148 ms
INFO - [G] 2025-02-24 15:26:22 :: INFO  :: TIMER :: [0002] Injected Atlas in 1329.818 ms
INFO - [G] 2025-02-24 15:26:22 :: INFO  :: TIMER :: [0000] Injected Sound in 0.007 ms
INFO - [G] 2025-02-24 15:26:22 :: INFO  :: TIMER :: [0008] Injected Stake in 2.232 ms
INFO - [G] 2025-02-24 15:26:22 :: INFO  :: TIMER :: [0004] Injected Rarity in 0.122 ms
INFO - [G] 2025-02-24 15:26:22 :: INFO  :: TIMER :: [0004] Injected ObjectType in 0.173 ms
INFO - [G] 2025-02-24 15:26:22 :: INFO  :: TIMER :: [0048] Injected Center in 3.744 ms
INFO - [G] 2025-02-24 15:26:22 :: INFO  :: TIMER :: [0007] Injected Undiscovered Sprite in 0.059 ms
INFO - [G] 2025-02-24 15:26:22 :: INFO  :: TIMER :: [0002] Injected Blind in 0.238 ms
INFO - [G] 2025-02-24 15:26:22 :: INFO  :: TIMER :: [0004] Injected Seal in 0.677 ms
INFO - [G] 2025-02-24 15:26:22 :: INFO  :: TIMER :: [0004] Injected Suit in 0.424 ms
INFO - [G] 2025-02-24 15:26:22 :: INFO  :: TIMER :: [0013] Injected Rank in 0.393 ms
INFO - [G] 2025-02-24 15:26:22 :: INFO  :: TIMER :: [0016] Injected DeckSkin in 0.169 ms
INFO - [G] 2025-02-24 15:26:22 :: INFO  :: TIMER :: [0012] Injected PokerHand in 0.577 ms
INFO - [G] 2025-02-24 15:26:22 :: INFO  :: TIMER :: [0020] Injected Challenge in 0.669 ms
INFO - [G] 2025-02-24 15:26:23 :: INFO  :: TIMER :: [0000] Injected Tag in 0.007 ms
INFO - [G] 2025-02-24 15:26:23 :: INFO  :: TIMER :: [0004] Injected Sticker in 0.255 ms
INFO - [G] 2025-02-24 15:26:23 :: INFO  :: TIMER :: [0000] Injected Shader in 0.006 ms
INFO - [G] 2025-02-24 15:26:23 :: INFO  :: TIMER :: [0001] Injected Keybind in 0.053 ms
INFO - [G] 2025-02-24 15:26:23 :: INFO  :: TIMER :: [0000] Injected Achievement in 0.244 ms
INFO - [G] 2025-02-24 15:26:23 :: INFO  :: TIMER :: [0000] Injected [INTERNAL] in 0.015 ms
INFO - [G] LONG DT @ 2016: 0.1
INFO - [G] LONG DT @ 2016: 0.1
INFO - [G] LONG DT @ 2017: 0.1
INFO - [G] LONG DT @ 2017: 0.1
INFO - [G] LONG DT @ 2017: 0.1
INFO - [G] LONG DT @ 2017: 0.1
INFO - [G] LONG DT @ 2017: 0.1
INFO - [G] LONG DT @ 2017: 0.1
INFO - [G] LONG DT @ 2017: 0.1
INFO - [G] LONG DT @ 2017: 0.1
INFO - [G] LONG DT @ 2017: 0.1
INFO - [G] LONG DT @ 2017: 0.1
INFO - [G] LONG DT @ 2018: 0.1
INFO - [G] LONG DT @ 2018: 0.1
INFO - [G] LONG DT @ 2018: 0.1
INFO - [G] LONG DT @ 2018: 0.1
INFO - [G] LONG DT @ 2018: 0.1
INFO - [G] LONG DT @ 2018: 0.1
INFO - [G] LONG DT @ 2018: 0.1
INFO - [G] LONG DT @ 2018: 0.1
INFO - [G] LONG DT @ 2018: 0.1
INFO - [G] LONG DT @ 2018: 0.1
INFO - [G] LONG DT @ 2019: 0.1
INFO - [G] LONG DT @ 2019: 0.1
INFO - [G] LONG DT @ 2019: 0.1
INFO - [G] LONG DT @ 2019: 0.1
INFO - [G] LONG DT @ 2019: 0.1
INFO - [G] LONG DT @ 2019: 0.1
INFO - [G] LONG DT @ 2019: 0.1
INFO - [G] LONG DT @ 2019: 0.1
INFO - [G] LONG DT @ 2019: 0.1
INFO - [G] LONG DT @ 2019: 0.1
INFO - [G] LONG DT @ 2020: 0.1
INFO - [G] LONG DT @ 2020: 0.1
INFO - [G] LONG DT @ 2020: 0.1
INFO - [G] LONG DT @ 2020: 0.1
INFO - [G] LONG DT @ 2020: 0.1
INFO - [G] LONG DT @ 2020: 0.1
INFO - [G] LONG DT @ 2020: 0.1
INFO - [G] LONG DT @ 2020: 0.1
INFO - [G] LONG DT @ 2020: 0.1
INFO - [G] LONG DT @ 2020: 0.1
INFO - [G] LONG DT @ 2021: 0.1
INFO - [G] LONG DT @ 2021: 0.1
INFO - [G] LONG DT @ 2021: 0.1
INFO - [G] LONG DT @ 2021: 0.1
INFO - [G] LONG DT @ 2021: 0.1
INFO - [G] LONG DT @ 2021: 0.1
INFO - [G] LONG DT @ 2021: 0.1
INFO - [G] LONG DT @ 2021: 0.1
INFO - [G] LONG DT @ 2021: 0.1
INFO - [G] LONG DT @ 2021: 0.1
INFO - [G] LONG DT @ 2022: 0.1
INFO - [G] LONG DT @ 2022: 0.1
INFO - [G] LONG DT @ 2022: 0.1
INFO - [G] LONG DT @ 2022: 0.1
INFO - [G] LONG DT @ 2022: 0.1
INFO - [G] LONG DT @ 2022: 0.1
INFO - [G] LONG DT @ 2022: 0.1
INFO - [G] LONG DT @ 2022: 0.1
INFO - [G] LONG DT @ 2022: 0.1
INFO - [G] LONG DT @ 2022: 0.1
INFO - [G] LONG DT @ 2023: 0.1
INFO - [G] LONG DT @ 2023: 0.1
INFO - [G] LONG DT @ 2023: 0.1
INFO - [G] LONG DT @ 2023: 0.1
INFO - [G] LONG DT @ 2023: 0.1
INFO - [G] LONG DT @ 2023: 0.1
INFO - [G] LONG DT @ 2023: 0.1
INFO - [G] LONG DT @ 2023: 0.1
INFO - [G] LONG DT @ 2023: 0.1
INFO - [G] LONG DT @ 2023: 0.1
INFO - [G] LONG DT @ 2024: 0.1
INFO - [G] LONG DT @ 2024: 0.1
INFO - [G] LONG DT @ 2024: 0.1
INFO - [G] LONG DT @ 2024: 0.1
INFO - [G] LONG DT @ 2024: 0.1
INFO - [G] LONG DT @ 2024: 0.1
INFO - [G] LONG DT @ 2024: 0.1
INFO - [G] LONG DT @ 2024: 0.1
INFO - [G] LONG DT @ 2024: 0.1
INFO - [G] LONG DT @ 2024: 0.1
INFO - [G] LONG DT @ 2025: 0.1
INFO - [G] LONG DT @ 2025: 0.1
INFO - [G] LONG DT @ 2025: 0.1
INFO - [G] LONG DT @ 2025: 0.1
INFO - [G] LONG DT @ 2025: 0.1
INFO - [G] LONG DT @ 2025: 0.1
INFO - [G] LONG DT @ 2025: 0.1
INFO - [G] LONG DT @ 2025: 0.1
INFO - [G] LONG DT @ 2025: 0.1
INFO - [G] LONG DT @ 2025: 0.1
INFO - [G] LONG DT @ 2026: 0.1
INFO - [G] LONG DT @ 2026: 0.1
INFO - [G] LONG DT @ 2026: 0.1
INFO - [G] LONG DT @ 2026: 0.1
INFO - [G] LONG DT @ 2026: 0.1
INFO - [G] LONG DT @ 2026: 0.1
INFO - [G] LONG DT @ 2026: 0.1
INFO - [G] LONG DT @ 2026: 0.1
INFO - [G] LONG DT @ 2026: 0.1
INFO - [G] LONG DT @ 2026: 0.1
INFO - [G] LONG DT @ 2027: 0.1
INFO - [G] LONG DT @ 2027: 0.1
INFO - [G] LONG DT @ 2027: 0.1
INFO - [G] LONG DT @ 2027: 0.1
INFO - [G] LONG DT @ 2027: 0.1
INFO - [G] LONG DT @ 2027: 0.1
INFO - [G] LONG DT @ 2027: 0.1
INFO - [G] LONG DT @ 2027: 0.1
INFO - [G] LONG DT @ 2027: 0.1
INFO - [G] LONG DT @ 2027: 0.1
INFO - [G] LONG DT @ 2028: 0.1
INFO - [G] LONG DT @ 2028: 0.1
INFO - [G] LONG DT @ 2028: 0.1
INFO - [G] LONG DT @ 2028: 0.1
INFO - [G] LONG DT @ 2028: 0.1
INFO - [G] LONG DT @ 2028: 0.1
INFO - [G] LONG DT @ 2028: 0.1
INFO - [G] LONG DT @ 2028: 0.1
INFO - [G] LONG DT @ 2028: 0.1
INFO - [G] LONG DT @ 2028: 0.1
INFO - [G] LONG DT @ 2029: 0.1
INFO - [G] LONG DT @ 2029: 0.1
INFO - [G] LONG DT @ 2029: 0.1
INFO - [G] LONG DT @ 2029: 0.1
INFO - [G] LONG DT @ 2029: 0.1
INFO - [G] LONG DT @ 2029: 0.1
INFO - [G] LONG DT @ 2029: 0.1
INFO - [G] LONG DT @ 2029: 0.1
INFO - [G] LONG DT @ 2029: 0.1
INFO - [G] LONG DT @ 2029: 0.1
INFO - [G] LONG DT @ 2030: 0.1
INFO - [G] LONG DT @ 2030: 0.1
INFO - [G] LONG DT @ 2030: 0.1
INFO - [G] LONG DT @ 2030: 0.1
INFO - [G] LONG DT @ 2030: 0.1
INFO - [G] LONG DT @ 2030: 0.1
INFO - [G] LONG DT @ 2030: 0.1
INFO - [G] LONG DT @ 2030: 0.1
INFO - [G] LONG DT @ 2030: 0.1
INFO - [G] LONG DT @ 2030: 0.1
INFO - [G] LONG DT @ 2031: 0.1
INFO - [G] LONG DT @ 2031: 0.1
INFO - [G] LONG DT @ 2031: 0.1
INFO - [G] LONG DT @ 2031: 0.1
INFO - [G] LONG DT @ 2031: 0.1
INFO - [G] LONG DT @ 2031: 0.1
INFO - [G] LONG DT @ 2031: 0.1
INFO - [G] LONG DT @ 2031: 0.1
INFO - [G] LONG DT @ 2031: 0.1
INFO - [G] LONG DT @ 2031: 0.1
INFO - [G] LONG DT @ 2032: 0.1
INFO - [G] LONG DT @ 2032: 0.1
INFO - [G] LONG DT @ 2032: 0.1
INFO - [G] LONG DT @ 2032: 0.1
INFO - [G] LONG DT @ 2032: 0.1
INFO - [G] LONG DT @ 2032: 0.1
INFO - [G] LONG DT @ 2032: 0.1
INFO - [G] LONG DT @ 2032: 0.1
INFO - [G] LONG DT @ 2032: 0.1
INFO - [G] LONG DT @ 2032: 0.1
INFO - [G] LONG DT @ 2033: 0.1
INFO - [G] LONG DT @ 2033: 0.1
INFO - [G] LONG DT @ 2033: 0.1
INFO - [G] LONG DT @ 2033: 0.1
INFO - [G] LONG DT @ 2033: 0.1
INFO - [G] LONG DT @ 2033: 0.1
INFO - [G] LONG DT @ 2033: 0.1
INFO - [G] LONG DT @ 2033: 0.1
INFO - [G] LONG DT @ 2033: 0.1
INFO - [G] LONG DT @ 2033: 0.1
INFO - [G] LONG DT @ 2034: 0.1
INFO - [G] LONG DT @ 2034: 0.1
INFO - [G] LONG DT @ 2034: 0.1
INFO - [G] LONG DT @ 2034: 0.1
INFO - [G] LONG DT @ 2034: 0.1
INFO - [G] LONG DT @ 2034: 0.1
INFO - [G] LONG DT @ 2034: 0.1
INFO - [G] LONG DT @ 2034: 0.1
INFO - [G] LONG DT @ 2034: 0.1
INFO - [G] LONG DT @ 2034: 0.1
INFO - [G] LONG DT @ 2035: 0.1
INFO - [G] LONG DT @ 2035: 0.1
INFO - [G] LONG DT @ 2035: 0.1
INFO - [G] LONG DT @ 2035: 0.1
INFO - [G] LONG DT @ 2035: 0.1
INFO - [G] LONG DT @ 2035: 0.1
INFO - [G] LONG DT @ 2035: 0.1
INFO - [G] LONG DT @ 2035: 0.1
INFO - [G] LONG DT @ 2035: 0.1
INFO - [G] LONG DT @ 2035: 0.1
INFO - [G] LONG DT @ 2036: 0.1
INFO - [G] LONG DT @ 2036: 0.1
INFO - [G] LONG DT @ 2036: 0.1
INFO - [G] LONG DT @ 2036: 0.1
INFO - [G] LONG DT @ 2036: 0.1
INFO - [G] LONG DT @ 2036: 0.1
INFO - [G] LONG DT @ 2036: 0.085204500000036
INFO - [G] LONG DT @ 2036: 0.1
INFO - [G] LONG DT @ 2036: 0.1
INFO - [G] LONG DT @ 2036: 0.1
INFO - [G] LONG DT @ 2037: 0.1
INFO - [G] LONG DT @ 2037: 0.1
INFO - [G] LONG DT @ 2037: 0.1
INFO - [G] LONG DT @ 2037: 0.1
INFO - [G] LONG DT @ 2037: 0.1
INFO - [G] LONG DT @ 2037: 0.1
INFO - [G] LONG DT @ 2037: 0.1
INFO - [G] LONG DT @ 2037: 0.1
INFO - [G] LONG DT @ 2037: 0.1
INFO - [G] LONG DT @ 2037: 0.1
INFO - [G] LONG DT @ 2038: 0.1
INFO - [G] LONG DT @ 2038: 0.1
INFO - [G] LONG DT @ 2038: 0.1
INFO - [G] LONG DT @ 2038: 0.1
INFO - [G] LONG DT @ 2038: 0.1
INFO - [G] LONG DT @ 2038: 0.1
INFO - [G] LONG DT @ 2038: 0.1
INFO - [G] LONG DT @ 2038: 0.1
INFO - [G] LONG DT @ 2038: 0.1
INFO - [G] LONG DT @ 2038: 0.1
INFO - [G] LONG DT @ 2039: 0.1
INFO - [G] LONG DT @ 2039: 0.1
INFO - [G] LONG DT @ 2039: 0.1
INFO - [G] LONG DT @ 2039: 0.1
INFO - [G] LONG DT @ 2039: 0.1
INFO - [G] LONG DT @ 2039: 0.1
INFO - [G] LONG DT @ 2039: 0.1
INFO - [G] LONG DT @ 2039: 0.1
INFO - [G] LONG DT @ 2039: 0.1
INFO - [G] LONG DT @ 2039: 0.1
INFO - [G] LONG DT @ 2040: 0.1
INFO - [G] LONG DT @ 2040: 0.1
INFO - [G] LONG DT @ 2040: 0.1
INFO - [G] LONG DT @ 2040: 0.1
INFO - [G] LONG DT @ 2040: 0.1
INFO - [G] LONG DT @ 2040: 0.1
INFO - [G] LONG DT @ 2040: 0.1
INFO - [G] LONG DT @ 2040: 0.1
INFO - [G] LONG DT @ 2040: 0.1
INFO - [G] LONG DT @ 2040: 0.1
INFO - [G] LONG DT @ 2041: 0.1
INFO - [G] LONG DT @ 2041: 0.1
INFO - [G] LONG DT @ 2041: 0.1
INFO - [G] LONG DT @ 2041: 0.1
INFO - [G] LONG DT @ 2041: 0.1
INFO - [G] LONG DT @ 2041: 0.1
INFO - [G] LONG DT @ 2041: 0.1
INFO - [G] LONG DT @ 2041: 0.1
INFO - [G] LONG DT @ 2041: 0.1
INFO - [G] LONG DT @ 2041: 0.1
INFO - [G] LONG DT @ 2042: 0.1
INFO - [G] LONG DT @ 2042: 0.1
INFO - [G] LONG DT @ 2042: 0.1
INFO - [G] LONG DT @ 2042: 0.1
INFO - [G] LONG DT @ 2042: 0.1
INFO - [G] LONG DT @ 2042: 0.1
INFO - [G] LONG DT @ 2042: 0.1
INFO - [G] LONG DT @ 2042: 0.1
INFO - [G] LONG DT @ 2042: 0.1
INFO - [G] LONG DT @ 2042: 0.1
INFO - [G] LONG DT @ 2043: 0.1
INFO - [G] LONG DT @ 2043: 0.1
INFO - [G] LONG DT @ 2043: 0.1
INFO - [G] LONG DT @ 2043: 0.1
INFO - [G] LONG DT @ 2043: 0.1
INFO - [G] LONG DT @ 2043: 0.1
INFO - [G] LONG DT @ 2043: 0.1
INFO - [G] LONG DT @ 2043: 0.1
INFO - [G] LONG DT @ 2043: 0.1
INFO - [G] LONG DT @ 2043: 0.1
INFO - [G] LONG DT @ 2044: 0.1
INFO - [G] LONG DT @ 2044: 0.1
INFO - [G] LONG DT @ 2044: 0.1
INFO - [G] LONG DT @ 2044: 0.1
INFO - [G] LONG DT @ 2044: 0.1
INFO - [G] LONG DT @ 2044: 0.1
INFO - [G] LONG DT @ 2044: 0.1
INFO - [G] LONG DT @ 2044: 0.1
INFO - [G] LONG DT @ 2044: 0.1
INFO - [G] LONG DT @ 2044: 0.1
INFO - [G] LONG DT @ 2045: 0.1
INFO - [G] LONG DT @ 2045: 0.1
INFO - [G] LONG DT @ 2045: 0.1
INFO - [G] LONG DT @ 2045: 0.1
INFO - [G] LONG DT @ 2045: 0.1
INFO - [G] LONG DT @ 2045: 0.1
INFO - [G] LONG DT @ 2045: 0.1
INFO - [G] LONG DT @ 2045: 0.1
INFO - [G] LONG DT @ 2045: 0.1
INFO - [G] LONG DT @ 2045: 0.1
INFO - [G] LONG DT @ 2046: 0.1
INFO - [G] LONG DT @ 2046: 0.1
INFO - [G] LONG DT @ 2046: 0.1
INFO - [G] LONG DT @ 2046: 0.1
INFO - [G] LONG DT @ 2046: 0.1
INFO - [G] LONG DT @ 2046: 0.1
INFO - [G] LONG DT @ 2046: 0.1
INFO - [G] LONG DT @ 2046: 0.1
INFO - [G] LONG DT @ 2046: 0.1
INFO - [G] LONG DT @ 2046: 0.1
INFO - [G] LONG DT @ 2047: 0.1
INFO - [G] LONG DT @ 2047: 0.1
INFO - [G] LONG DT @ 2047: 0.1
INFO - [G] LONG DT @ 2047: 0.1
INFO - [G] LONG DT @ 2047: 0.1
INFO - [G] LONG DT @ 2047: 0.1
INFO - [G] LONG DT @ 2047: 0.1
INFO - [G] LONG DT @ 2047: 0.1
INFO - [G] LONG DT @ 2047: 0.1
INFO - [G] LONG DT @ 2047: 0.1
INFO - [G] LONG DT @ 2048: 0.1
INFO - [G] LONG DT @ 2048: 0.1
INFO - [G] LONG DT @ 2048: 0.1
INFO - [G] LONG DT @ 2048: 0.1
INFO - [G] LONG DT @ 2048: 0.1
INFO - [G] LONG DT @ 2048: 0.1
INFO - [G] LONG DT @ 2048: 0.1
INFO - [G] LONG DT @ 2048: 0.1
INFO - [G] LONG DT @ 2048: 0.1
INFO - [G] LONG DT @ 2048: 0.1
INFO - [G] LONG DT @ 2049: 0.1
INFO - [G] LONG DT @ 2049: 0.1
INFO - [G] LONG DT @ 2049: 0.1
INFO - [G] LONG DT @ 2049: 0.1
INFO - [G] LONG DT @ 2049: 0.1
INFO - [G] LONG DT @ 2049: 0.1
INFO - [G] LONG DT @ 2049: 0.1
INFO - [G] LONG DT @ 2049: 0.1
INFO - [G] LONG DT @ 2049: 0.1
INFO - [G] LONG DT @ 2049: 0.1
INFO - [G] LONG DT @ 2050: 0.1
INFO - [G] LONG DT @ 2050: 0.1
INFO - [G] LONG DT @ 2050: 0.1
INFO - [G] LONG DT @ 2050: 0.1
INFO - [G] LONG DT @ 2050: 0.1
INFO - [G] LONG DT @ 2050: 0.1
INFO - [G] LONG DT @ 2050: 0.1
INFO - [G] LONG DT @ 2050: 0.1
INFO - [G] LONG DT @ 2050: 0.1
INFO - [G] LONG DT @ 2050: 0.1
INFO - [G] LONG DT @ 2051: 0.1
INFO - [G] LONG DT @ 2051: 0.1
INFO - [G] LONG DT @ 2051: 0.1
INFO - [G] LONG DT @ 2051: 0.1
INFO - [G] LONG DT @ 2051: 0.1
INFO - [G] LONG DT @ 2051: 0.1
INFO - [G] LONG DT @ 2051: 0.1
INFO - [G] LONG DT @ 2051: 0.1
INFO - [G] LONG DT @ 2051: 0.1
INFO - [G] LONG DT @ 2051: 0.1
INFO - [G] LONG DT @ 2052: 0.1
INFO - [G] LONG DT @ 2052: 0.1
INFO - [G] LONG DT @ 2052: 0.1
INFO - [G] LONG DT @ 2052: 0.1
INFO - [G] LONG DT @ 2052: 0.1
INFO - [G] LONG DT @ 2052: 0.1
INFO - [G] LONG DT @ 2052: 0.1
INFO - [G] LONG DT @ 2052: 0.1
INFO - [G] LONG DT @ 2052: 0.1
INFO - [G] LONG DT @ 2052: 0.1
INFO - [G] LONG DT @ 2053: 0.1
INFO - [G] LONG DT @ 2053: 0.1
INFO - [G] LONG DT @ 2053: 0.085210520000037
INFO - [G] LONG DT @ 2053: 0.071969776000064
INFO - [G] LONG DT @ 2053: 0.063532320800007
INFO - [G] LONG DT @ 2053: 0.055707016639974
