INFO - [♥] Lovely 0.7.1
INFO - [♥] Game directory is at "Z:\\home\\hazel\\.steam\\debian-installation\\steamapps\\common\\Balatro"
INFO - [♥] Writing logs to "C:\\users\\steamuser\\AppData\\Roaming\\Balatro\\Mods\\lovely\\log"
INFO - [♥] Using mod directory at "C:\\users\\steamuser\\AppData\\Roaming\\Balatro\\Mods"
INFO - [♥] Cleaning up dumps directory at "C:\\users\\steamuser\\AppData\\Roaming\\Balatro\\Mods\\lovely\\dump"
INFO - [♥] Initialization complete in 92ms
INFO - [♥] Applied 12 patches to 'main.lua'
INFO - [♥] Applied 5 patches to 'engine/controller.lua'
INFO - [♥] Applied 12 patches to 'back.lua'
INFO - [♥] Applied 6 patches to 'tag.lua'
INFO - [♥] Applied 1 patch to 'engine/moveable.lua'
INFO - [♥] Applied 2 patches to 'engine/sprite.lua'
INFO - [♥] Applied 2 patches to 'engine/animatedsprite.lua'
INFO - [♥] Applied 41 patches to 'functions/misc_functions.lua'
INFO - [♥] Applied 24 patches to 'game.lua'
INFO - [♥] Applied 1 patch to 'globals.lua'
INFO - [♥] Applied 3 patches to 'engine/ui.lua'
INFO - [♥] Applied 69 patches to 'functions/UI_definitions.lua'
INFO - [♥] Applied 39 patches to 'functions/state_events.lua'
INFO - [♥] Applied 84 patches to 'functions/common_events.lua'
INFO - [♥] Applied 35 patches to 'functions/button_callbacks.lua'
INFO - [♥] Applied 139 patches to 'card.lua'
INFO - [♥] Applied 6 patches to 'cardarea.lua'
INFO - [♥] Applied 30 patches to 'blind.lua'
INFO - [♥] Applied 2 patches to 'engine/text.lua'
INFO - [G] Failed to connect to the debug server
INFO - [G] 2025-02-04 15:29:18 :: DEBUG :: DebugConsole :: Steamodded Debug Socket started !
INFO - [♥] Applied 9 patches to 'engine/sound_manager.lua'
INFO - [♥] Applied 1 patch to 'engine/save_manager.lua'
INFO - [G] 2025-02-04 15:29:20 :: TRACE :: Loader :: Processing Mod file (Legacy header): GamepadStyleKeyboardControls.lua
INFO - [G] 2025-02-04 15:29:20 :: TRACE :: Loader :: Saving Mod Info: GamepadStyleKeyboardControls
INFO - [G] 2025-02-04 15:29:20 :: WARN  :: Loader :: Found lone Lua file Riff-Raffling.lua in Mods directory :: Please place the files for each mod in its own subdirectory.
INFO - [G] 2025-02-04 15:29:20 :: TRACE :: Loader :: Processing Mod file (Legacy header): Riff-Raffling.lua
INFO - [G] 2025-02-04 15:29:20 :: TRACE :: Loader :: Saving Mod Info: FTV
INFO - [G] 2025-02-04 15:29:20 :: TRACE :: Loader :: Mod FTV was unable to load: 
INFO - [G] 2025-02-04 15:29:20 :: INFO  :: TIMER :: [0000] Injected Language in 0.004 ms
INFO - [G] 2025-02-04 15:29:20 :: INFO  :: TIMER :: [0000] Injected [INTERNAL] in 3.655 ms
INFO - [G] 2025-02-04 15:29:21 :: INFO  :: TIMER :: [0003] Injected Atlas in 779.806 ms
INFO - [G] 2025-02-04 15:29:21 :: INFO  :: TIMER :: [0000] Injected Sound in 0.002 ms
INFO - [G] 2025-02-04 15:29:21 :: INFO  :: TIMER :: [0008] Injected Stake in 0.292 ms
INFO - [G] 2025-02-04 15:29:21 :: INFO  :: TIMER :: [0004] Injected Rarity in 0.039 ms
INFO - [G] 2025-02-04 15:29:21 :: INFO  :: TIMER :: [0004] Injected ObjectType in 0.215 ms
INFO - [G] 2025-02-04 15:29:21 :: INFO  :: TIMER :: [0048] Injected Center in 2.029 ms
INFO - [G] 2025-02-04 15:29:21 :: INFO  :: TIMER :: [0007] Injected Undiscovered Sprite in 0.032 ms
INFO - [G] 2025-02-04 15:29:21 :: INFO  :: TIMER :: [0002] Injected Blind in 0.046 ms
INFO - [G] 2025-02-04 15:29:21 :: INFO  :: TIMER :: [0004] Injected Seal in 0.608 ms
INFO - [G] 2025-02-04 15:29:21 :: INFO  :: TIMER :: [0004] Injected Suit in 0.365 ms
INFO - [G] 2025-02-04 15:29:21 :: INFO  :: TIMER :: [0013] Injected Rank in 0.401 ms
INFO - [G] 2025-02-04 15:29:21 :: INFO  :: TIMER :: [0016] Injected DeckSkin in 0.142 ms
INFO - [G] 2025-02-04 15:29:21 :: INFO  :: TIMER :: [0012] Injected PokerHand in 0.751 ms
INFO - [G] 2025-02-04 15:29:21 :: INFO  :: TIMER :: [0020] Injected Challenge in 0.481 ms
INFO - [G] 2025-02-04 15:29:21 :: INFO  :: TIMER :: [0000] Injected Tag in 0.008 ms
INFO - [G] 2025-02-04 15:29:21 :: INFO  :: TIMER :: [0004] Injected Sticker in 1.063 ms
INFO - [G] 2025-02-04 15:29:21 :: INFO  :: TIMER :: [0000] Injected Shader in 0.009 ms
INFO - [G] 2025-02-04 15:29:21 :: INFO  :: TIMER :: [0001] Injected Keybind in 0.055 ms
INFO - [G] 2025-02-04 15:29:21 :: INFO  :: TIMER :: [0000] Injected Achievement in 0.198 ms
INFO - [G] 2025-02-04 15:29:21 :: INFO  :: TIMER :: [0000] Injected [INTERNAL] in 0.938 ms
INFO - [G] line not found
INFO - [G] file not found: main.lua: No such file or directory
INFO - [G] file not found: main.lua: No such file or directory
INFO - [G] file not found: functions/button_callbacks.lua: No such file or directory
INFO - [G] file not found: main.lua: No such file or directory
INFO - [G] file not found: main.lua: No such file or directory
INFO - [G] 2025-02-04 15:29:53 :: ERROR :: StackTrace :: Oops! The game crashed
engine/sprite.lua:36: attempt to perform arithmetic on field 'x' (a nil value)
Stack Traceback
===============
(1) Lua local 'handler' at file 'main.lua:612'
	Local variables:
	 msg = string: "engine/sprite.lua:36: attempt to perform arithmetic on field 'x' (a nil value)"
	 (*temporary) = Lua function '?' (defined at line 31 of chunk [SMODS _ "src/logging.lua"])
	 (*temporary) = string: "Oops! The game crashed\
"
(2) LÖVE metamethod at file 'boot.lua:352'
	Local variables:
	 errhand = Lua function '?' (defined at line 598 of chunk main.lua)
	 handler = Lua function '?' (defined at line 598 of chunk main.lua)
(3) Lua method 'set_sprite_pos' at file 'engine/sprite.lua:36'
	Local variables:
	 self = table: 0x07b1b258  {velocity:table: 0x07ad57f0, scale:table: 0x07caebe8, click_offset:table: 0x07b20ac8 (more...)}
	 sprite_pos = table: 0x07b1a1e0  {y:0}
	 (*temporary) = C function: 0x00c0be88
	 (*temporary) = nil
	 (*temporary) = number: 32
	 (*temporary) = table: 0x07b1c2a0  {T:table: 0x07b1e388}
	 (*temporary) = table: 0x0308e748  {reset:function: 0x0308bec0, draw_shader:function: 0x030821f0, define_draw_steps:function: 0x030d5648 (more...)}
	 (*temporary) = table: 0x030ef0b8  {align_to_major:function: 0x030efe08, hard_set_T:function: 0x030f38c0, draw:function: 0x030ef460 (more...)}
	 (*temporary) = table: 0x07b1b258  {velocity:table: 0x07ad57f0, scale:table: 0x07caebe8, click_offset:table: 0x07b20ac8 (more...)}
	 (*temporary) = string: "attempt to perform arithmetic on field 'x' (a nil value)"
(4) Lua method 'init' at file 'engine/sprite.lua:15'
	Local variables:
	 self = table: 0x07b1b258  {velocity:table: 0x07ad57f0, scale:table: 0x07caebe8, click_offset:table: 0x07b20ac8 (more...)}
	 X = number: 0
	 Y = number: 0
	 W = number: 0.45
	 H = number: 0.45
	 new_sprite_atlas = table: 0x040bca10  {atlas:Atlas, image_data:ImageData: 0x1c8deaa0, full_path:C:\users\steamuser\AppData\Roaming\Balatro\Mods/GamepadStyleKeyboardControls/assets/2x/keyboard_icons.png (more...)}
	 sprite_pos = table: 0x07b1a1e0  {y:0}
(5) Lua global 'Sprite' at file 'engine/object.lua:35'
	Local variables:
	 self = table: 0x0308e748  {reset:function: 0x0308bec0, draw_shader:function: 0x030821f0, define_draw_steps:function: 0x030d5648 (more...)}
	 obj = table: 0x07b1b258  {velocity:table: 0x07ad57f0, scale:table: 0x07caebe8, click_offset:table: 0x07b20ac8 (more...)}
(6) Lua global 'create_button_binding_pip' at file 'GamepadStyleKeyboardControls.lua:386' (from mod with id GamepadStyleKeyboardControls)
	Local variables:
	 args = table: 0x07ca6a20  {button:back}
	 key_name = string: "enter"
	 key_sprite_index = nil
(7) Lua function '?' at file 'functions/button_callbacks.lua:418' (best guess)
	Local variables:
	 e = table: 0x04b51c78  {click_offset:table: 0x04bdd7d0, children:table: 0x04b51ca0, parent:table: 0x04b51ad8 (more...)}
	 (*temporary) = table: 0x04b51ca0  {}
	 (*temporary) = table: 0x03e28bf0  {remove_group:function: 0x03e123a8, draw:function: 0x03e12428, print_topology:function: 0x03e105a0 (more...)}
	 (*temporary) = table: 0x07ca69f8  {}
(8) Lua method 'update' at file 'engine/ui.lua:953'
	Local variables:
	 self = table: 0x04b51c78  {click_offset:table: 0x04bdd7d0, children:table: 0x04b51ca0, parent:table: 0x04b51ad8 (more...)}
	 dt = number: 0.0751737
(9) Lua upvalue 'gameUpdateRef' at file 'game.lua:2651'
	Local variables:
	 self = table: 0x03ddfd90  {F_GUIDE:false, F_CRASH_REPORTS:false, F_QUIT_BUTTON:true, HUD_tags:table: 0x07af0d98 (more...)}
	 dt = number: 0.0187934
	 http_resp = nil
	 move_dt = number: 0.0187934
	 (for generator) = C function: next
	 (for state) = table: 0x03de46e0  {1:table: 0x08334a80, 2:table: 0x041744e0, 3:table: 0x04c3d6b0, 4:table: 0x03fba508 (more...)}
	 (for control) = number: nan
	 k = number: 317
	 v = table: 0x04b51c78  {click_offset:table: 0x04bdd7d0, children:table: 0x04b51ca0, parent:table: 0x04b51ad8 (more...)}
(10) Lua method 'update' at Steamodded file 'src/ui.lua:81' 
	Local variables:
	 self = table: 0x03ddfd90  {F_GUIDE:false, F_CRASH_REPORTS:false, F_QUIT_BUTTON:true, HUD_tags:table: 0x07af0d98 (more...)}
	 dt = number: 0.0187934
(11) Lua field 'update' at file 'main.lua:992'
	Local variables:
	 dt = number: 0.0187934
(12) Lua function '?' at file 'main.lua:931' (best guess)
(13) global C function 'xpcall'
(14) LÖVE function at file 'boot.lua:377' (best guess)
	Local variables:
	 func = Lua function '?' (defined at line 902 of chunk main.lua)
	 inerror = boolean: true
	 deferErrhand = Lua function '(LÖVE Function)' (defined at line 348 of chunk [love "boot.lua"])
	 earlyinit = Lua function '(LÖVE Function)' (defined at line 355 of chunk [love "boot.lua"])

INFO - [G] file not found: functions/button_callbacks.lua: No such file or directory
INFO - [G] file not found: main.lua: No such file or directory
INFO - [G] file not found: main.lua: No such file or directory
INFO - [G] 2025-02-04 15:29:53 :: INFO  :: StackTrace :: Additional Context:
Balatro Version: 1.0.1n-FULL
Modded Version: 1.0.0~ALPHA-1401a-STEAMODDED
LÖVE Version: 11.5.0
Lovely Version: 0.7.1
Platform: Windows
Steamodded Mods:
    1: Gamepad-Style Keyboard Controls by vgperson [ID: GamepadStyleKeyboardControls]
Lovely Mods:
