INFO - [♥] Lovely 0.7.1
INFO - [♥] Game directory is at "Z:\\home\\hazel\\.steam\\debian-installation\\steamapps\\common\\Balatro"
INFO - [♥] Writing logs to "C:\\users\\steamuser\\AppData\\Roaming\\Balatro\\Mods\\lovely\\log"
INFO - [♥] Using mod directory at "C:\\users\\steamuser\\AppData\\Roaming\\Balatro\\Mods"
INFO - [♥] Cleaning up dumps directory at "C:\\users\\steamuser\\AppData\\Roaming\\Balatro\\Mods\\lovely\\dump"
INFO - [♥] Initialization complete in 103ms
INFO - [♥] Applied 12 patches to 'main.lua'
INFO - [♥] Applied 5 patches to 'engine/controller.lua'
INFO - [♥] Applied 12 patches to 'back.lua'
INFO - [♥] Applied 6 patches to 'tag.lua'
INFO - [♥] Applied 1 patch to 'engine/moveable.lua'
INFO - [♥] Applied 2 patches to 'engine/sprite.lua'
INFO - [♥] Applied 2 patches to 'engine/animatedsprite.lua'
INFO - [♥] Applied 41 patches to 'functions/misc_functions.lua'
INFO - [♥] Applied 24 patches to 'game.lua'
INFO - [♥] Applied 1 patch to 'globals.lua'
INFO - [♥] Applied 3 patches to 'engine/ui.lua'
INFO - [♥] Applied 69 patches to 'functions/UI_definitions.lua'
INFO - [♥] Applied 39 patches to 'functions/state_events.lua'
INFO - [♥] Applied 84 patches to 'functions/common_events.lua'
INFO - [♥] Applied 35 patches to 'functions/button_callbacks.lua'
INFO - [♥] Applied 139 patches to 'card.lua'
INFO - [♥] Applied 6 patches to 'cardarea.lua'
INFO - [♥] Applied 30 patches to 'blind.lua'
INFO - [♥] Applied 2 patches to 'engine/text.lua'
INFO - [G] Failed to connect to the debug server
INFO - [G] 2025-02-04 15:07:45 :: DEBUG :: DebugConsole :: Steamodded Debug Socket started !
INFO - [♥] Applied 9 patches to 'engine/sound_manager.lua'
INFO - [♥] Applied 1 patch to 'engine/save_manager.lua'
INFO - [G] 2025-02-04 15:07:47 :: TRACE :: Loader :: Processing Mod file (Legacy header): GamepadStyleKeyboardControls.lua
INFO - [G] 2025-02-04 15:07:47 :: TRACE :: Loader :: Saving Mod Info: GamepadStyleKeyboardControls
INFO - [G] 2025-02-04 15:07:47 :: WARN  :: Loader :: Found lone Lua file Riff-Raffling.lua in Mods directory :: Please place the files for each mod in its own subdirectory.
INFO - [G] 2025-02-04 15:07:47 :: TRACE :: Loader :: Processing Mod file (Legacy header): Riff-Raffling.lua
INFO - [G] 2025-02-04 15:07:47 :: TRACE :: Loader :: Saving Mod Info: FTV
INFO - [G] 2025-02-04 15:07:47 :: TRACE :: Loader :: Mod FTV was unable to load: 
INFO - [G] 2025-02-04 15:07:47 :: INFO  :: TIMER :: [0000] Injected Language in 0.004 ms
INFO - [G] 2025-02-04 15:07:47 :: INFO  :: TIMER :: [0000] Injected [INTERNAL] in 3.253 ms
INFO - [G] 2025-02-04 15:07:48 :: INFO  :: TIMER :: [0003] Injected Atlas in 777.409 ms
INFO - [G] 2025-02-04 15:07:48 :: INFO  :: TIMER :: [0000] Injected Sound in 0.002 ms
INFO - [G] 2025-02-04 15:07:48 :: INFO  :: TIMER :: [0008] Injected Stake in 0.371 ms
INFO - [G] 2025-02-04 15:07:48 :: INFO  :: TIMER :: [0004] Injected Rarity in 0.056 ms
INFO - [G] 2025-02-04 15:07:48 :: INFO  :: TIMER :: [0004] Injected ObjectType in 0.333 ms
INFO - [G] 2025-02-04 15:07:48 :: INFO  :: TIMER :: [0048] Injected Center in 1.661 ms
INFO - [G] 2025-02-04 15:07:48 :: INFO  :: TIMER :: [0007] Injected Undiscovered Sprite in 0.036 ms
INFO - [G] 2025-02-04 15:07:48 :: INFO  :: TIMER :: [0002] Injected Blind in 0.033 ms
INFO - [G] 2025-02-04 15:07:48 :: INFO  :: TIMER :: [0004] Injected Seal in 0.498 ms
INFO - [G] 2025-02-04 15:07:48 :: INFO  :: TIMER :: [0004] Injected Suit in 0.345 ms
INFO - [G] 2025-02-04 15:07:48 :: INFO  :: TIMER :: [0013] Injected Rank in 0.394 ms
INFO - [G] 2025-02-04 15:07:48 :: INFO  :: TIMER :: [0016] Injected DeckSkin in 0.087 ms
INFO - [G] 2025-02-04 15:07:48 :: INFO  :: TIMER :: [0012] Injected PokerHand in 0.576 ms
INFO - [G] 2025-02-04 15:07:48 :: INFO  :: TIMER :: [0020] Injected Challenge in 0.538 ms
INFO - [G] 2025-02-04 15:07:48 :: INFO  :: TIMER :: [0000] Injected Tag in 0.003 ms
INFO - [G] 2025-02-04 15:07:48 :: INFO  :: TIMER :: [0004] Injected Sticker in 0.274 ms
INFO - [G] 2025-02-04 15:07:48 :: INFO  :: TIMER :: [0000] Injected Shader in 0.064 ms
INFO - [G] 2025-02-04 15:07:48 :: INFO  :: TIMER :: [0001] Injected Keybind in 0.028 ms
INFO - [G] 2025-02-04 15:07:48 :: INFO  :: TIMER :: [0000] Injected Achievement in 0.114 ms
INFO - [G] 2025-02-04 15:07:48 :: INFO  :: TIMER :: [0000] Injected [INTERNAL] in 0.608 ms
INFO - [G] ERROR LOADING GAME: Card area 'shop_booster' not instantiated before load
INFO - [G] ERROR LOADING GAME: Card area 'shop_jokers' not instantiated before load
INFO - [G] ERROR LOADING GAME: Card area 'shop_vouchers' not instantiated before load
INFO - [G] line not found
INFO - [G] file not found: main.lua: No such file or directory
INFO - [G] file not found: main.lua: No such file or directory
INFO - [G] file not found: functions/button_callbacks.lua: No such file or directory
INFO - [G] file not found: main.lua: No such file or directory
INFO - [G] file not found: main.lua: No such file or directory
INFO - [G] 2025-02-04 15:08:38 :: ERROR :: StackTrace :: Oops! The game crashed
[SMODS _ "src/utils.lua"]:1203: attempt to index local 'edition' (a nil value)
Stack Traceback
===============
(1) Lua local 'handler' at file 'main.lua:612'
	Local variables:
	 msg = string: "[SMODS _ \"src/utils.lua\"]:1203: attempt to index local 'edition' (a nil value)"
	 (*temporary) = Lua function '?' (defined at line 31 of chunk [SMODS _ "src/logging.lua"])
	 (*temporary) = string: "Oops! The game crashed\
"
(2) LÖVE metamethod at file 'boot.lua:352'
	Local variables:
	 errhand = Lua function '?' (defined at line 598 of chunk main.lua)
	 handler = Lua function '?' (defined at line 598 of chunk main.lua)
(3) Lua method 'calculate_edition' at Steamodded file 'src/utils.lua:1203' 
	Local variables:
	 self = table: 0x04c04f40  {pinch:table: 0x041b7a30, sticker_run:red, click_offset:table: 0x0ac947b0 (more...)}
	 context = table: 0x041ccdb0  {ending_shop:true, cardarea:table: 0x04270228, main_eval:true}
	 edition = nil
	 (*temporary) = nil
	 (*temporary) = nil
	 (*temporary) = nil
	 (*temporary) = number: 1
	 (*temporary) = string: "attempt to index local 'edition' (a nil value)"
(4) Lua global 'eval_card' at file 'functions/common_events.lua:683'
	Local variables:
	 card = table: 0x04c04f40  {pinch:table: 0x041b7a30, sticker_run:red, click_offset:table: 0x0ac947b0 (more...)}
	 context = table: 0x041ccdb0  {ending_shop:true, cardarea:table: 0x04270228, main_eval:true}
	 ret = table: 0x06431658  {}
(5) Lua field 'calculate_context' at Steamodded file 'src/utils.lua:1221' 
	Local variables:
	 context = table: 0x041ccdb0  {ending_shop:true, cardarea:table: 0x04270228, main_eval:true}
	 return_table = nil
	 (for generator) = C function: builtin#6
	 (for state) = table: 0x041ccdd8  {1:table: 0x04270228, 2:table: 0x04208d90, 3:table: 0x04bd92e8}
	 (for control) = number: 1
	 _ = number: 1
	 area = table: 0x04270228  {click_offset:table: 0x04be6120, children:table: 0x03dea990, shuffle_amt:0 (more...)}
	 (for generator) = C function: builtin#6
	 (for state) = table: 0x03dea968  {1:table: 0x03dea9b8, 2:table: 0x04c0bb70, 3:table: 0x04c04f40, 4:table: 0x04bafe38 (more...)}
	 (for control) = number: 3
	 _ = number: 3
	 _card = table: 0x04c04f40  {pinch:table: 0x041b7a30, sticker_run:red, click_offset:table: 0x0ac947b0 (more...)}
(6) Lua function '?' at file 'functions/button_callbacks.lua:2499' (best guess)
	Local variables:
	 e = table: 0x05e01138  {pixellated_rect:table: 0x060cff60, click_offset:table: 0x05e01200, children:table: 0x05e01160 (more...)}
(7) Lua method 'click' at file 'engine/ui.lua:981'
	Local variables:
	 self = table: 0x05e01138  {pixellated_rect:table: 0x060cff60, click_offset:table: 0x05e01200, children:table: 0x05e01160 (more...)}
(8) Lua method 'update' at file 'engine/controller.lua:375'
	Local variables:
	 self = table: 0x03dcefb0  {held_button_times:table: 0x03f7fdf0, focus_cursor_stack_level:1, interrupt:table: 0x03f7fae0 (more...)}
	 dt = number: 0.0169036
(9) Lua upvalue 'gameUpdateRef' at file 'game.lua:2657'
	Local variables:
	 self = table: 0x03cdf700  {F_GUIDE:false, F_CRASH_REPORTS:false, F_QUIT_BUTTON:true, HUD_tags:table: 0x05db2478 (more...)}
	 dt = number: 0.0169036
(10) Lua method 'update' at Steamodded file 'src/ui.lua:81' 
	Local variables:
	 self = table: 0x03cdf700  {F_GUIDE:false, F_CRASH_REPORTS:false, F_QUIT_BUTTON:true, HUD_tags:table: 0x05db2478 (more...)}
	 dt = number: 0.0169036
(11) Lua field 'update' at file 'main.lua:992'
	Local variables:
	 dt = number: 0.0169036
(12) Lua function '?' at file 'main.lua:931' (best guess)
(13) global C function 'xpcall'
(14) LÖVE function at file 'boot.lua:377' (best guess)
	Local variables:
	 func = Lua function '?' (defined at line 902 of chunk main.lua)
	 inerror = boolean: true
	 deferErrhand = Lua function '(LÖVE Function)' (defined at line 348 of chunk [love "boot.lua"])
	 earlyinit = Lua function '(LÖVE Function)' (defined at line 355 of chunk [love "boot.lua"])

INFO - [G] file not found: functions/button_callbacks.lua: No such file or directory
INFO - [G] file not found: main.lua: No such file or directory
INFO - [G] file not found: main.lua: No such file or directory
INFO - [G] 2025-02-04 15:08:38 :: INFO  :: StackTrace :: Additional Context:
Balatro Version: 1.0.1n-FULL
Modded Version: 1.0.0~ALPHA-1401a-STEAMODDED
LÖVE Version: 11.5.0
Lovely Version: 0.7.1
Platform: Windows
Steamodded Mods:
    1: Gamepad-Style Keyboard Controls by vgperson [ID: GamepadStyleKeyboardControls]
Lovely Mods:
