INFO - [♥] Lovely 0.7.1
INFO - [♥] Game directory is at "Z:\\home\\hazel\\.steam\\debian-installation\\steamapps\\common\\Balatro"
INFO - [♥] Writing logs to "C:\\users\\steamuser\\AppData\\Roaming\\Balatro\\Mods\\lovely\\log"
INFO - [♥] Using mod directory at "C:\\users\\steamuser\\AppData\\Roaming\\Balatro\\Mods"
INFO - [♥] Cleaning up dumps directory at "C:\\users\\steamuser\\AppData\\Roaming\\Balatro\\Mods\\lovely\\dump"
INFO - [♥] Initialization complete in 134ms
INFO - [♥] Applied 12 patches to 'main.lua'
INFO - [♥] Applied 5 patches to 'engine/controller.lua'
INFO - [♥] Applied 12 patches to 'back.lua'
INFO - [♥] Applied 6 patches to 'tag.lua'
INFO - [♥] Applied 1 patch to 'engine/moveable.lua'
INFO - [♥] Applied 2 patches to 'engine/sprite.lua'
INFO - [♥] Applied 2 patches to 'engine/animatedsprite.lua'
INFO - [♥] Applied 41 patches to 'functions/misc_functions.lua'
INFO - [♥] Applied 24 patches to 'game.lua'
INFO - [♥] Applied 1 patch to 'globals.lua'
INFO - [♥] Applied 3 patches to 'engine/ui.lua'
INFO - [♥] Applied 69 patches to 'functions/UI_definitions.lua'
INFO - [♥] Applied 39 patches to 'functions/state_events.lua'
INFO - [♥] Applied 84 patches to 'functions/common_events.lua'
INFO - [♥] Applied 35 patches to 'functions/button_callbacks.lua'
INFO - [♥] Applied 139 patches to 'card.lua'
INFO - [♥] Applied 6 patches to 'cardarea.lua'
INFO - [♥] Applied 30 patches to 'blind.lua'
INFO - [♥] Applied 2 patches to 'engine/text.lua'
INFO - [G] Failed to connect to the debug server
INFO - [G] 2025-02-04 15:06:17 :: DEBUG :: DebugConsole :: Steamodded Debug Socket started !
INFO - [♥] Applied 9 patches to 'engine/sound_manager.lua'
INFO - [♥] Applied 1 patch to 'engine/save_manager.lua'
INFO - [G] 2025-02-04 15:06:19 :: TRACE :: Loader :: Processing Mod file (Legacy header): GamepadStyleKeyboardControls.lua
INFO - [G] 2025-02-04 15:06:19 :: TRACE :: Loader :: Saving Mod Info: GamepadStyleKeyboardControls
INFO - [G] 2025-02-04 15:06:19 :: WARN  :: Loader :: Found lone Lua file Riff-Raffling.lua in Mods directory :: Please place the files for each mod in its own subdirectory.
INFO - [G] 2025-02-04 15:06:19 :: TRACE :: Loader :: Processing Mod file (Legacy header): Riff-Raffling.lua
INFO - [G] 2025-02-04 15:06:19 :: TRACE :: Loader :: Saving Mod Info: FTV
INFO - [G] 2025-02-04 15:06:19 :: TRACE :: Loader :: Mod FTV was unable to load: 
INFO - [G] 2025-02-04 15:06:19 :: INFO  :: TIMER :: [0000] Injected Language in 0.003 ms
INFO - [G] 2025-02-04 15:06:19 :: INFO  :: TIMER :: [0000] Injected [INTERNAL] in 3.270 ms
INFO - [G] 2025-02-04 15:06:20 :: INFO  :: TIMER :: [0003] Injected Atlas in 830.358 ms
INFO - [G] 2025-02-04 15:06:20 :: INFO  :: TIMER :: [0000] Injected Sound in 0.004 ms
INFO - [G] 2025-02-04 15:06:20 :: INFO  :: TIMER :: [0008] Injected Stake in 0.307 ms
INFO - [G] 2025-02-04 15:06:20 :: INFO  :: TIMER :: [0004] Injected Rarity in 0.045 ms
INFO - [G] 2025-02-04 15:06:20 :: INFO  :: TIMER :: [0004] Injected ObjectType in 0.089 ms
INFO - [G] 2025-02-04 15:06:20 :: INFO  :: TIMER :: [0048] Injected Center in 1.989 ms
INFO - [G] 2025-02-04 15:06:20 :: INFO  :: TIMER :: [0007] Injected Undiscovered Sprite in 0.028 ms
INFO - [G] 2025-02-04 15:06:20 :: INFO  :: TIMER :: [0002] Injected Blind in 0.103 ms
INFO - [G] 2025-02-04 15:06:20 :: INFO  :: TIMER :: [0004] Injected Seal in 0.427 ms
INFO - [G] 2025-02-04 15:06:20 :: INFO  :: TIMER :: [0004] Injected Suit in 0.422 ms
INFO - [G] 2025-02-04 15:06:20 :: INFO  :: TIMER :: [0013] Injected Rank in 0.538 ms
INFO - [G] 2025-02-04 15:06:20 :: INFO  :: TIMER :: [0016] Injected DeckSkin in 0.087 ms
INFO - [G] 2025-02-04 15:06:20 :: INFO  :: TIMER :: [0012] Injected PokerHand in 0.605 ms
INFO - [G] 2025-02-04 15:06:20 :: INFO  :: TIMER :: [0020] Injected Challenge in 0.565 ms
INFO - [G] 2025-02-04 15:06:20 :: INFO  :: TIMER :: [0000] Injected Tag in 0.009 ms
INFO - [G] 2025-02-04 15:06:20 :: INFO  :: TIMER :: [0004] Injected Sticker in 0.728 ms
INFO - [G] 2025-02-04 15:06:20 :: INFO  :: TIMER :: [0000] Injected Shader in 0.006 ms
INFO - [G] 2025-02-04 15:06:20 :: INFO  :: TIMER :: [0001] Injected Keybind in 0.046 ms
INFO - [G] 2025-02-04 15:06:20 :: INFO  :: TIMER :: [0000] Injected Achievement in 0.171 ms
INFO - [G] 2025-02-04 15:06:20 :: INFO  :: TIMER :: [0000] Injected [INTERNAL] in 0.892 ms
INFO - [G] line not found
INFO - [G] file not found: main.lua: No such file or directory
INFO - [G] file not found: main.lua: No such file or directory
INFO - [G] file not found: functions/button_callbacks.lua: No such file or directory
INFO - [G] file not found: main.lua: No such file or directory
INFO - [G] file not found: main.lua: No such file or directory
INFO - [G] 2025-02-04 15:07:34 :: ERROR :: StackTrace :: Oops! The game crashed
[SMODS _ "src/utils.lua"]:1203: attempt to index local 'edition' (a nil value)
Stack Traceback
===============
(1) Lua local 'handler' at file 'main.lua:612'
	Local variables:
	 msg = string: "[SMODS _ \"src/utils.lua\"]:1203: attempt to index local 'edition' (a nil value)"
	 (*temporary) = Lua function '?' (defined at line 31 of chunk [SMODS _ "src/logging.lua"])
	 (*temporary) = string: "Oops! The game crashed\
"
(2) LÖVE metamethod at file 'boot.lua:352'
	Local variables:
	 errhand = Lua function '?' (defined at line 598 of chunk main.lua)
	 handler = Lua function '?' (defined at line 598 of chunk main.lua)
(3) Lua method 'calculate_edition' at Steamodded file 'src/utils.lua:1203' 
	Local variables:
	 self = table: 0x040a89d0  {debuff:false, click_offset:table: 0x04c9d968, children:table: 0x04cabd18 (more...)}
	 context = table: 0x061592b8  {ending_shop:true, cardarea:table: 0x04c623e8, main_eval:true}
	 edition = nil
	 (*temporary) = nil
	 (*temporary) = nil
	 (*temporary) = nil
	 (*temporary) = number: 1
	 (*temporary) = string: "attempt to index local 'edition' (a nil value)"
(4) Lua global 'eval_card' at file 'functions/common_events.lua:683'
	Local variables:
	 card = table: 0x040a89d0  {debuff:false, click_offset:table: 0x04c9d968, children:table: 0x04cabd18 (more...)}
	 context = table: 0x061592b8  {ending_shop:true, cardarea:table: 0x04c623e8, main_eval:true}
	 ret = table: 0x06159070  {}
(5) Lua field 'calculate_context' at Steamodded file 'src/utils.lua:1221' 
	Local variables:
	 context = table: 0x061592b8  {ending_shop:true, cardarea:table: 0x04c623e8, main_eval:true}
	 return_table = nil
	 (for generator) = C function: builtin#6
	 (for state) = table: 0x06159380  {1:table: 0x04c623e8, 2:table: 0x04c62280, 3:table: 0x04ca8110}
	 (for control) = number: 1
	 _ = number: 1
	 area = table: 0x04c623e8  {click_offset:table: 0x044aa138, children:table: 0x12ce0dc0, shuffle_amt:0 (more...)}
	 (for generator) = C function: builtin#6
	 (for state) = table: 0x12ce0d98  {1:table: 0x12ce0de8, 2:table: 0x04b17390, 3:table: 0x040a89d0, 4:table: 0x04b1b218 (more...)}
	 (for control) = number: 3
	 _ = number: 3
	 _card = table: 0x040a89d0  {debuff:false, click_offset:table: 0x04c9d968, children:table: 0x04cabd18 (more...)}
(6) Lua function '?' at file 'functions/button_callbacks.lua:2499' (best guess)
	Local variables:
	 e = table: 0x0600bc38  {pixellated_rect:table: 0x04812ba0, click_offset:table: 0x08fa45e0, children:table: 0x0600be98 (more...)}
(7) Lua method 'click' at file 'engine/ui.lua:981'
	Local variables:
	 self = table: 0x0600bc38  {pixellated_rect:table: 0x04812ba0, click_offset:table: 0x08fa45e0, children:table: 0x0600be98 (more...)}
(8) Lua method 'process_registry' at file 'engine/controller.lua:462'
	Local variables:
	 self = table: 0x040decf8  {held_button_times:table: 0x03f16b60, focus_cursor_stack_level:1, interrupt:table: 0x040da7c8 (more...)}
	 (for generator) = C function: next
	 (for state) = table: 0x0402bb20  {b:table: 0x044ae860, x:table: 0x040b3a10, back:table: 0x05e80e70, rightshoulder:table: 0x043e7850 (more...)}
	 (for control) = number: nan
	 _ = string: "y"
	 registry = table: 0x05da7030  {1:table: 0x05da7058}
	 (for index) = number: 1
	 (for limit) = number: 1
	 (for step) = number: 1
	 i = number: 1
(9) Lua method 'update' at file 'engine/controller.lua:380'
	Local variables:
	 self = table: 0x040decf8  {held_button_times:table: 0x03f16b60, focus_cursor_stack_level:1, interrupt:table: 0x040da7c8 (more...)}
	 dt = number: 0.0169424
(10) Lua upvalue 'gameUpdateRef' at file 'game.lua:2657'
	Local variables:
	 self = table: 0x03ddfd90  {F_GUIDE:false, F_CRASH_REPORTS:false, F_QUIT_BUTTON:true, HUD_tags:table: 0x05ed3f60 (more...)}
	 dt = number: 0.0169424
(11) Lua method 'update' at Steamodded file 'src/ui.lua:81' 
	Local variables:
	 self = table: 0x03ddfd90  {F_GUIDE:false, F_CRASH_REPORTS:false, F_QUIT_BUTTON:true, HUD_tags:table: 0x05ed3f60 (more...)}
	 dt = number: 0.0169424
(12) Lua field 'update' at file 'main.lua:992'
	Local variables:
	 dt = number: 0.0169424
(13) Lua function '?' at file 'main.lua:931' (best guess)
(14) global C function 'xpcall'
(15) LÖVE function at file 'boot.lua:377' (best guess)
	Local variables:
	 func = Lua function '?' (defined at line 902 of chunk main.lua)
	 inerror = boolean: true
	 deferErrhand = Lua function '(LÖVE Function)' (defined at line 348 of chunk [love "boot.lua"])
	 earlyinit = Lua function '(LÖVE Function)' (defined at line 355 of chunk [love "boot.lua"])

INFO - [G] file not found: functions/button_callbacks.lua: No such file or directory
INFO - [G] file not found: main.lua: No such file or directory
INFO - [G] file not found: main.lua: No such file or directory
INFO - [G] 2025-02-04 15:07:34 :: INFO  :: StackTrace :: Additional Context:
Balatro Version: 1.0.1n-FULL
Modded Version: 1.0.0~ALPHA-1401a-STEAMODDED
LÖVE Version: 11.5.0
Lovely Version: 0.7.1
Platform: Windows
Steamodded Mods:
    1: Gamepad-Style Keyboard Controls by vgperson [ID: GamepadStyleKeyboardControls]
Lovely Mods:
