INFO - [♥] Lovely 0.7.1
INFO - [♥] Game directory is at "Z:\\home\\hazel\\.steam\\debian-installation\\steamapps\\common\\Balatro"
INFO - [♥] Writing logs to "C:\\users\\steamuser\\AppData\\Roaming\\Balatro\\Mods\\lovely\\log"
INFO - [♥] Using mod directory at "C:\\users\\steamuser\\AppData\\Roaming\\Balatro\\Mods"
INFO - [♥] Found .lovelyignore in 'DebugPlus', skipping it.
INFO - [♥] Found .lovelyignore in 'GamepadStyleKeyboardControls', skipping it.
INFO - [♥] Cleaning up dumps directory at "C:\\users\\steamuser\\AppData\\Roaming\\Balatro\\Mods\\lovely\\dump"
INFO - [♥] Initialization complete in 86ms
INFO - [♥] Applied 12 patches to 'main.lua'
INFO - [♥] Applied 5 patches to 'engine/controller.lua'
INFO - [♥] Applied 12 patches to 'back.lua'
INFO - [♥] Applied 6 patches to 'tag.lua'
INFO - [♥] Applied 1 patch to 'engine/moveable.lua'
INFO - [♥] Applied 2 patches to 'engine/sprite.lua'
INFO - [♥] Applied 2 patches to 'engine/animatedsprite.lua'
INFO - [♥] Applied 41 patches to 'functions/misc_functions.lua'
INFO - [♥] Applied 24 patches to 'game.lua'
INFO - [♥] Applied 1 patch to 'globals.lua'
INFO - [♥] Applied 3 patches to 'engine/ui.lua'
INFO - [♥] Applied 69 patches to 'functions/UI_definitions.lua'
INFO - [♥] Applied 39 patches to 'functions/state_events.lua'
INFO - [♥] Applied 84 patches to 'functions/common_events.lua'
INFO - [♥] Applied 35 patches to 'functions/button_callbacks.lua'
INFO - [♥] Applied 139 patches to 'card.lua'
INFO - [♥] Applied 6 patches to 'cardarea.lua'
INFO - [♥] Applied 30 patches to 'blind.lua'
INFO - [♥] Applied 2 patches to 'engine/text.lua'
INFO - [G] Failed to connect to the debug server
INFO - [G] 2025-02-19 23:50:27 :: DEBUG :: DebugConsole :: Steamodded Debug Socket started !
INFO - [♥] Applied 9 patches to 'engine/sound_manager.lua'
INFO - [♥] Applied 1 patch to 'engine/save_manager.lua'
INFO - [G] 2025-02-19 23:50:29 :: INFO  :: DefaultLogger :: Valid JSON file found
INFO - [G] 2025-02-19 23:50:29 :: TRACE :: Loader :: Processing Mod file (Legacy header): GamepadStyleKeyboardControls.lua
INFO - [G] 2025-02-19 23:50:29 :: TRACE :: Loader :: Saving Mod Info: GamepadStyleKeyboardControls
INFO - [G] 2025-02-19 23:50:29 :: WARN  :: Loader :: Found lone Lua file Riff-Raffling.lua in Mods directory :: Please place the files for each mod in its own subdirectory.
INFO - [G] 2025-02-19 23:50:29 :: TRACE :: Loader :: Processing Mod file (Legacy header): Riff-Raffling.lua
INFO - [G] 2025-02-19 23:50:29 :: TRACE :: Loader :: Saving Mod Info: FTV
INFO - [G] 2025-02-19 23:50:29 :: TRACE :: Loader :: Mod DebugPlus was unable to load: 
INFO - [G] 2025-02-19 23:50:29 :: TRACE :: Loader :: Mod FTV was unable to load: 
INFO - [G] 2025-02-19 23:50:29 :: TRACE :: Loader :: Mod GamepadStyleKeyboardControls was unable to load: 
INFO - [G] 2025-02-19 23:50:29 :: INFO  :: TIMER :: [0000] Injected Language in 0.004 ms
INFO - [G] 2025-02-19 23:50:29 :: INFO  :: TIMER :: [0000] Injected [INTERNAL] in 1.130 ms
INFO - [G] 2025-02-19 23:50:30 :: INFO  :: TIMER :: [0002] Injected Atlas in 840.423 ms
INFO - [G] 2025-02-19 23:50:30 :: INFO  :: TIMER :: [0000] Injected Sound in 0.002 ms
INFO - [G] 2025-02-19 23:50:30 :: INFO  :: TIMER :: [0008] Injected Stake in 0.384 ms
INFO - [G] 2025-02-19 23:50:30 :: INFO  :: TIMER :: [0004] Injected Rarity in 0.027 ms
INFO - [G] 2025-02-19 23:50:30 :: INFO  :: TIMER :: [0004] Injected ObjectType in 0.051 ms
INFO - [G] 2025-02-19 23:50:30 :: INFO  :: TIMER :: [0048] Injected Center in 1.151 ms
INFO - [G] 2025-02-19 23:50:30 :: INFO  :: TIMER :: [0007] Injected Undiscovered Sprite in 0.018 ms
INFO - [G] 2025-02-19 23:50:30 :: INFO  :: TIMER :: [0002] Injected Blind in 0.033 ms
INFO - [G] 2025-02-19 23:50:30 :: INFO  :: TIMER :: [0004] Injected Seal in 0.466 ms
INFO - [G] 2025-02-19 23:50:30 :: INFO  :: TIMER :: [0004] Injected Suit in 0.170 ms
INFO - [G] 2025-02-19 23:50:30 :: INFO  :: TIMER :: [0013] Injected Rank in 0.187 ms
INFO - [G] 2025-02-19 23:50:30 :: INFO  :: TIMER :: [0016] Injected DeckSkin in 0.124 ms
INFO - [G] 2025-02-19 23:50:30 :: INFO  :: TIMER :: [0012] Injected PokerHand in 0.287 ms
INFO - [G] 2025-02-19 23:50:30 :: INFO  :: TIMER :: [0020] Injected Challenge in 0.277 ms
INFO - [G] 2025-02-19 23:50:30 :: INFO  :: TIMER :: [0000] Injected Tag in 0.005 ms
INFO - [G] 2025-02-19 23:50:30 :: INFO  :: TIMER :: [0004] Injected Sticker in 0.366 ms
INFO - [G] 2025-02-19 23:50:30 :: INFO  :: TIMER :: [0000] Injected Shader in 0.006 ms
INFO - [G] 2025-02-19 23:50:30 :: INFO  :: TIMER :: [0001] Injected Keybind in 0.047 ms
INFO - [G] 2025-02-19 23:50:30 :: INFO  :: TIMER :: [0000] Injected Achievement in 0.132 ms
INFO - [G] 2025-02-19 23:50:30 :: INFO  :: TIMER :: [0000] Injected [INTERNAL] in 0.006 ms
INFO - [G] LONG DT @ 190: 0.1
INFO - [G] LONG DT @ 190: 0.1
INFO - [G] LONG DT @ 190: 0.1
INFO - [G] LONG DT @ 190: 0.1
INFO - [G] LONG DT @ 190: 0.1
INFO - [G] LONG DT @ 190: 0.1
INFO - [G] LONG DT @ 190: 0.1
INFO - [G] LONG DT @ 190: 0.1
INFO - [G] LONG DT @ 191: 0.1
INFO - [G] LONG DT @ 191: 0.1
INFO - [G] LONG DT @ 191: 0.1
INFO - [G] LONG DT @ 191: 0.1
INFO - [G] LONG DT @ 191: 0.1
INFO - [G] LONG DT @ 191: 0.1
INFO - [G] LONG DT @ 191: 0.1
INFO - [G] LONG DT @ 191: 0.1
INFO - [G] LONG DT @ 191: 0.1
INFO - [G] LONG DT @ 191: 0.1
INFO - [G] LONG DT @ 192: 0.1
INFO - [G] LONG DT @ 192: 0.1
INFO - [G] LONG DT @ 192: 0.1
INFO - [G] LONG DT @ 192: 0.1
INFO - [G] LONG DT @ 192: 0.1
INFO - [G] LONG DT @ 192: 0.1
INFO - [G] LONG DT @ 192: 0.1
INFO - [G] LONG DT @ 192: 0.1
INFO - [G] LONG DT @ 192: 0.1
INFO - [G] LONG DT @ 192: 0.1
INFO - [G] LONG DT @ 193: 0.084869179999997
INFO - [G] LONG DT @ 193: 0.071719763999999
INFO - [G] LONG DT @ 193: 0.062568711200002
INFO - [G] LONG DT @ 193: 0.053223508959997
