INFO - [♥] Lovely 0.7.1
INFO - [♥] Game directory is at "Z:\\home\\hazel\\.steam\\debian-installation\\steamapps\\common\\Balatro"
INFO - [♥] Writing logs to "C:\\users\\steamuser\\AppData\\Roaming\\Balatro\\Mods\\lovely\\log"
INFO - [♥] Using mod directory at "C:\\users\\steamuser\\AppData\\Roaming\\Balatro\\Mods"
INFO - [♥] Cleaning up dumps directory at "C:\\users\\steamuser\\AppData\\Roaming\\Balatro\\Mods\\lovely\\dump"
INFO - [♥] Initialization complete in 102ms
INFO - [♥] Applied 12 patches to 'main.lua'
INFO - [♥] Applied 5 patches to 'engine/controller.lua'
INFO - [♥] Applied 12 patches to 'back.lua'
INFO - [♥] Applied 6 patches to 'tag.lua'
INFO - [♥] Applied 1 patch to 'engine/moveable.lua'
INFO - [♥] Applied 2 patches to 'engine/sprite.lua'
INFO - [♥] Applied 2 patches to 'engine/animatedsprite.lua'
INFO - [♥] Applied 41 patches to 'functions/misc_functions.lua'
INFO - [♥] Applied 24 patches to 'game.lua'
INFO - [♥] Applied 1 patch to 'globals.lua'
INFO - [♥] Applied 3 patches to 'engine/ui.lua'
INFO - [♥] Applied 69 patches to 'functions/UI_definitions.lua'
INFO - [♥] Applied 39 patches to 'functions/state_events.lua'
INFO - [♥] Applied 84 patches to 'functions/common_events.lua'
INFO - [♥] Applied 35 patches to 'functions/button_callbacks.lua'
INFO - [♥] Applied 139 patches to 'card.lua'
INFO - [♥] Applied 6 patches to 'cardarea.lua'
INFO - [♥] Applied 30 patches to 'blind.lua'
INFO - [♥] Applied 2 patches to 'engine/text.lua'
INFO - [G] Failed to connect to the debug server
INFO - [G] 2025-02-04 15:09:01 :: DEBUG :: DebugConsole :: Steamodded Debug Socket started !
INFO - [♥] Applied 9 patches to 'engine/sound_manager.lua'
INFO - [♥] Applied 1 patch to 'engine/save_manager.lua'
INFO - [G] 2025-02-04 15:09:03 :: TRACE :: Loader :: Processing Mod file (Legacy header): GamepadStyleKeyboardControls.lua
INFO - [G] 2025-02-04 15:09:03 :: TRACE :: Loader :: Saving Mod Info: GamepadStyleKeyboardControls
INFO - [G] 2025-02-04 15:09:03 :: WARN  :: Loader :: Found lone Lua file Riff-Raffling.lua in Mods directory :: Please place the files for each mod in its own subdirectory.
INFO - [G] 2025-02-04 15:09:03 :: TRACE :: Loader :: Processing Mod file (Legacy header): Riff-Raffling.lua
INFO - [G] 2025-02-04 15:09:03 :: TRACE :: Loader :: Saving Mod Info: FTV
INFO - [G] 2025-02-04 15:09:03 :: TRACE :: Loader :: Mod FTV was unable to load: 
INFO - [G] 2025-02-04 15:09:03 :: INFO  :: TIMER :: [0000] Injected Language in 0.006 ms
INFO - [G] 2025-02-04 15:09:03 :: INFO  :: TIMER :: [0000] Injected [INTERNAL] in 3.840 ms
INFO - [G] 2025-02-04 15:09:03 :: INFO  :: TIMER :: [0003] Injected Atlas in 795.929 ms
INFO - [G] 2025-02-04 15:09:03 :: INFO  :: TIMER :: [0000] Injected Sound in 0.002 ms
INFO - [G] 2025-02-04 15:09:03 :: INFO  :: TIMER :: [0008] Injected Stake in 0.197 ms
INFO - [G] 2025-02-04 15:09:03 :: INFO  :: TIMER :: [0004] Injected Rarity in 0.049 ms
INFO - [G] 2025-02-04 15:09:03 :: INFO  :: TIMER :: [0004] Injected ObjectType in 0.064 ms
INFO - [G] 2025-02-04 15:09:03 :: INFO  :: TIMER :: [0048] Injected Center in 2.456 ms
INFO - [G] 2025-02-04 15:09:04 :: INFO  :: TIMER :: [0007] Injected Undiscovered Sprite in 0.043 ms
INFO - [G] 2025-02-04 15:09:04 :: INFO  :: TIMER :: [0002] Injected Blind in 0.035 ms
INFO - [G] 2025-02-04 15:09:04 :: INFO  :: TIMER :: [0004] Injected Seal in 0.370 ms
INFO - [G] 2025-02-04 15:09:04 :: INFO  :: TIMER :: [0004] Injected Suit in 0.140 ms
INFO - [G] 2025-02-04 15:09:04 :: INFO  :: TIMER :: [0013] Injected Rank in 0.173 ms
INFO - [G] 2025-02-04 15:09:04 :: INFO  :: TIMER :: [0016] Injected DeckSkin in 0.048 ms
INFO - [G] 2025-02-04 15:09:04 :: INFO  :: TIMER :: [0012] Injected PokerHand in 0.288 ms
INFO - [G] 2025-02-04 15:09:04 :: INFO  :: TIMER :: [0020] Injected Challenge in 0.071 ms
INFO - [G] 2025-02-04 15:09:04 :: INFO  :: TIMER :: [0000] Injected Tag in 0.005 ms
INFO - [G] 2025-02-04 15:09:04 :: INFO  :: TIMER :: [0004] Injected Sticker in 0.272 ms
INFO - [G] 2025-02-04 15:09:04 :: INFO  :: TIMER :: [0000] Injected Shader in 0.006 ms
INFO - [G] 2025-02-04 15:09:04 :: INFO  :: TIMER :: [0001] Injected Keybind in 0.269 ms
INFO - [G] 2025-02-04 15:09:04 :: INFO  :: TIMER :: [0000] Injected Achievement in 0.191 ms
INFO - [G] 2025-02-04 15:09:04 :: INFO  :: TIMER :: [0000] Injected [INTERNAL] in 0.917 ms
INFO - [G] ERROR LOADING GAME: Card area 'shop_booster' not instantiated before load
INFO - [G] ERROR LOADING GAME: Card area 'shop_jokers' not instantiated before load
INFO - [G] ERROR LOADING GAME: Card area 'shop_vouchers' not instantiated before load
INFO - [G] line not found
INFO - [G] file not found: main.lua: No such file or directory
INFO - [G] file not found: main.lua: No such file or directory
INFO - [G] file not found: functions/button_callbacks.lua: No such file or directory
INFO - [G] file not found: main.lua: No such file or directory
INFO - [G] file not found: main.lua: No such file or directory
INFO - [G] 2025-02-04 15:09:24 :: ERROR :: StackTrace :: Oops! The game crashed
[SMODS _ "src/utils.lua"]:1203: attempt to index local 'edition' (a nil value)
Stack Traceback
===============
(1) Lua local 'handler' at file 'main.lua:612'
	Local variables:
	 msg = string: "[SMODS _ \"src/utils.lua\"]:1203: attempt to index local 'edition' (a nil value)"
	 (*temporary) = Lua function '?' (defined at line 31 of chunk [SMODS _ "src/logging.lua"])
	 (*temporary) = string: "Oops! The game crashed\
"
(2) LÖVE metamethod at file 'boot.lua:352'
	Local variables:
	 errhand = Lua function '?' (defined at line 598 of chunk main.lua)
	 handler = Lua function '?' (defined at line 598 of chunk main.lua)
(3) Lua method 'calculate_edition' at Steamodded file 'src/utils.lua:1203' 
	Local variables:
	 self = table: 0x03feb610  {click_offset:table: 0x0403dcb8, children:table: 0x079c7eb8, ambient_tilt:0.2 (more...)}
	 context = table: 0x062a98d8  {ending_shop:true, cardarea:table: 0x04bfa310, main_eval:true}
	 edition = nil
	 (*temporary) = nil
	 (*temporary) = nil
	 (*temporary) = nil
	 (*temporary) = number: 1
	 (*temporary) = string: "attempt to index local 'edition' (a nil value)"
(4) Lua global 'eval_card' at file 'functions/common_events.lua:683'
	Local variables:
	 card = table: 0x03feb610  {click_offset:table: 0x0403dcb8, children:table: 0x079c7eb8, ambient_tilt:0.2 (more...)}
	 context = table: 0x062a98d8  {ending_shop:true, cardarea:table: 0x04bfa310, main_eval:true}
	 ret = table: 0x062a9e88  {}
(5) Lua field 'calculate_context' at Steamodded file 'src/utils.lua:1221' 
	Local variables:
	 context = table: 0x062a98d8  {ending_shop:true, cardarea:table: 0x04bfa310, main_eval:true}
	 return_table = nil
	 (for generator) = C function: builtin#6
	 (for state) = table: 0x062a7410  {1:table: 0x04bfa310, 2:table: 0x04bf9a28, 3:table: 0x04bfb4c8}
	 (for control) = number: 1
	 _ = number: 1
	 area = table: 0x04bfa310  {click_offset:table: 0x04bfa470, children:table: 0x04bfe408, shuffle_amt:0 (more...)}
	 (for generator) = C function: builtin#6
	 (for state) = table: 0x04bfe3e0  {1:table: 0x04bfe430, 2:table: 0x04c03658, 3:table: 0x03feb610, 4:table: 0x04c2aa58 (more...)}
	 (for control) = number: 3
	 _ = number: 3
	 _card = table: 0x03feb610  {click_offset:table: 0x0403dcb8, children:table: 0x079c7eb8, ambient_tilt:0.2 (more...)}
(6) Lua function '?' at file 'functions/button_callbacks.lua:2499' (best guess)
	Local variables:
	 e = table: 0x05d323d0  {pixellated_rect:table: 0x04b60f18, click_offset:table: 0x05d32498, children:table: 0x05d323f8 (more...)}
(7) Lua method 'click' at file 'engine/ui.lua:981'
	Local variables:
	 self = table: 0x05d323d0  {pixellated_rect:table: 0x04b60f18, click_offset:table: 0x05d32498, children:table: 0x05d323f8 (more...)}
(8) Lua method 'update' at file 'engine/controller.lua:375'
	Local variables:
	 self = table: 0x03e16c30  {held_button_times:table: 0x03e52af8, focus_cursor_stack_level:1, interrupt:table: 0x03e52b20 (more...)}
	 dt = number: 0.0170088
(9) Lua upvalue 'gameUpdateRef' at file 'game.lua:2657'
	Local variables:
	 self = table: 0x03cdf700  {F_GUIDE:false, F_CRASH_REPORTS:false, F_QUIT_BUTTON:true, HUD_tags:table: 0x05ce6970 (more...)}
	 dt = number: 0.0170088
(10) Lua method 'update' at Steamodded file 'src/ui.lua:81' 
	Local variables:
	 self = table: 0x03cdf700  {F_GUIDE:false, F_CRASH_REPORTS:false, F_QUIT_BUTTON:true, HUD_tags:table: 0x05ce6970 (more...)}
	 dt = number: 0.0170088
(11) Lua field 'update' at file 'main.lua:992'
	Local variables:
	 dt = number: 0.0170088
(12) Lua function '?' at file 'main.lua:931' (best guess)
(13) global C function 'xpcall'
(14) LÖVE function at file 'boot.lua:377' (best guess)
	Local variables:
	 func = Lua function '?' (defined at line 902 of chunk main.lua)
	 inerror = boolean: true
	 deferErrhand = Lua function '(LÖVE Function)' (defined at line 348 of chunk [love "boot.lua"])
	 earlyinit = Lua function '(LÖVE Function)' (defined at line 355 of chunk [love "boot.lua"])

INFO - [G] file not found: functions/button_callbacks.lua: No such file or directory
INFO - [G] file not found: main.lua: No such file or directory
INFO - [G] file not found: main.lua: No such file or directory
INFO - [G] 2025-02-04 15:09:24 :: INFO  :: StackTrace :: Additional Context:
Balatro Version: 1.0.1n-FULL
Modded Version: 1.0.0~ALPHA-1401a-STEAMODDED
LÖVE Version: 11.5.0
Lovely Version: 0.7.1
Platform: Windows
Steamodded Mods:
    1: Gamepad-Style Keyboard Controls by vgperson [ID: GamepadStyleKeyboardControls]
Lovely Mods:
