INFO - [♥] Lovely 0.7.1
INFO - [♥] Game directory is at "Z:\\home\\hazel\\.steam\\debian-installation\\steamapps\\common\\Balatro"
INFO - [♥] Writing logs to "C:\\users\\steamuser\\AppData\\Roaming\\Balatro\\Mods\\lovely\\log"
INFO - [♥] Using mod directory at "C:\\users\\steamuser\\AppData\\Roaming\\Balatro\\Mods"
INFO - [♥] Cleaning up dumps directory at "C:\\users\\steamuser\\AppData\\Roaming\\Balatro\\Mods\\lovely\\dump"
INFO - [♥] Initialization complete in 161ms
INFO - [♥] Applied 12 patches to 'main.lua'
INFO - [♥] Applied 5 patches to 'engine/controller.lua'
INFO - [♥] Applied 12 patches to 'back.lua'
INFO - [♥] Applied 6 patches to 'tag.lua'
INFO - [♥] Applied 1 patch to 'engine/moveable.lua'
INFO - [♥] Applied 2 patches to 'engine/sprite.lua'
INFO - [♥] Applied 2 patches to 'engine/animatedsprite.lua'
INFO - [♥] Applied 41 patches to 'functions/misc_functions.lua'
INFO - [♥] Applied 24 patches to 'game.lua'
INFO - [♥] Applied 1 patch to 'globals.lua'
INFO - [♥] Applied 3 patches to 'engine/ui.lua'
INFO - [♥] Applied 69 patches to 'functions/UI_definitions.lua'
INFO - [♥] Applied 39 patches to 'functions/state_events.lua'
INFO - [♥] Applied 84 patches to 'functions/common_events.lua'
INFO - [♥] Applied 35 patches to 'functions/button_callbacks.lua'
INFO - [♥] Applied 139 patches to 'card.lua'
INFO - [♥] Applied 6 patches to 'cardarea.lua'
INFO - [♥] Applied 30 patches to 'blind.lua'
INFO - [♥] Applied 2 patches to 'engine/text.lua'
INFO - [G] Failed to connect to the debug server
INFO - [G] 2025-02-05 12:32:28 :: DEBUG :: DebugConsole :: Steamodded Debug Socket started !
INFO - [♥] Applied 9 patches to 'engine/sound_manager.lua'
INFO - [♥] Applied 1 patch to 'engine/save_manager.lua'
INFO - [G] 2025-02-05 12:32:31 :: TRACE :: Loader :: Processing Mod file (Legacy header): GamepadStyleKeyboardControls.lua
INFO - [G] 2025-02-05 12:32:31 :: TRACE :: Loader :: Saving Mod Info: GamepadStyleKeyboardControls
INFO - [G] 2025-02-05 12:32:31 :: WARN  :: Loader :: Found lone Lua file Riff-Raffling.lua in Mods directory :: Please place the files for each mod in its own subdirectory.
INFO - [G] 2025-02-05 12:32:31 :: TRACE :: Loader :: Processing Mod file (Legacy header): Riff-Raffling.lua
INFO - [G] 2025-02-05 12:32:31 :: TRACE :: Loader :: Saving Mod Info: FTV
INFO - [G] 2025-02-05 12:32:31 :: TRACE :: Loader :: Mod FTV was unable to load: 
INFO - [G] 2025-02-05 12:32:31 :: INFO  :: TIMER :: [0000] Injected Language in 0.004 ms
INFO - [G] 2025-02-05 12:32:31 :: INFO  :: TIMER :: [0000] Injected [INTERNAL] in 4.025 ms
INFO - [G] 2025-02-05 12:32:32 :: INFO  :: TIMER :: [0002] Injected Atlas in 1123.879 ms
INFO - [G] 2025-02-05 12:32:32 :: INFO  :: TIMER :: [0000] Injected Sound in 0.006 ms
INFO - [G] 2025-02-05 12:32:32 :: INFO  :: TIMER :: [0008] Injected Stake in 1.063 ms
INFO - [G] 2025-02-05 12:32:32 :: INFO  :: TIMER :: [0004] Injected Rarity in 0.339 ms
INFO - [G] 2025-02-05 12:32:32 :: INFO  :: TIMER :: [0004] Injected ObjectType in 0.217 ms
INFO - [G] 2025-02-05 12:32:32 :: INFO  :: TIMER :: [0048] Injected Center in 3.162 ms
INFO - [G] 2025-02-05 12:32:32 :: INFO  :: TIMER :: [0007] Injected Undiscovered Sprite in 0.090 ms
INFO - [G] 2025-02-05 12:32:32 :: INFO  :: TIMER :: [0002] Injected Blind in 0.105 ms
INFO - [G] 2025-02-05 12:32:32 :: INFO  :: TIMER :: [0004] Injected Seal in 0.795 ms
INFO - [G] 2025-02-05 12:32:32 :: INFO  :: TIMER :: [0004] Injected Suit in 0.633 ms
INFO - [G] 2025-02-05 12:32:32 :: INFO  :: TIMER :: [0013] Injected Rank in 0.242 ms
INFO - [G] 2025-02-05 12:32:32 :: INFO  :: TIMER :: [0016] Injected DeckSkin in 0.220 ms
INFO - [G] 2025-02-05 12:32:32 :: INFO  :: TIMER :: [0012] Injected PokerHand in 0.303 ms
INFO - [G] 2025-02-05 12:32:32 :: INFO  :: TIMER :: [0020] Injected Challenge in 0.194 ms
INFO - [G] 2025-02-05 12:32:32 :: INFO  :: TIMER :: [0000] Injected Tag in 0.008 ms
INFO - [G] 2025-02-05 12:32:33 :: INFO  :: TIMER :: [0004] Injected Sticker in 1.312 ms
INFO - [G] 2025-02-05 12:32:33 :: INFO  :: TIMER :: [0000] Injected Shader in 0.006 ms
INFO - [G] 2025-02-05 12:32:33 :: INFO  :: TIMER :: [0001] Injected Keybind in 0.052 ms
INFO - [G] 2025-02-05 12:32:33 :: INFO  :: TIMER :: [0000] Injected Achievement in 0.207 ms
INFO - [G] 2025-02-05 12:32:33 :: INFO  :: TIMER :: [0000] Injected [INTERNAL] in 0.776 ms
