INFO - [♥] Lovely 0.7.1
INFO - [♥] Game directory is at "Z:\\home\\hazel\\.steam\\debian-installation\\steamapps\\common\\Balatro"
INFO - [♥] Writing logs to "C:\\users\\steamuser\\AppData\\Roaming\\Balatro\\Mods\\lovely\\log"
INFO - [♥] Using mod directory at "C:\\users\\steamuser\\AppData\\Roaming\\Balatro\\Mods"
INFO - [♥] Found .lovelyignore in 'DebugPlus', skipping it.
INFO - [♥] Found .lovelyignore in 'GamepadStyleKeyboardControls', skipping it.
INFO - [♥] Cleaning up dumps directory at "C:\\users\\steamuser\\AppData\\Roaming\\Balatro\\Mods\\lovely\\dump"
INFO - [♥] Initialization complete in 55ms
INFO - [♥] Applied 12 patches to 'main.lua'
INFO - [♥] Applied 5 patches to 'engine/controller.lua'
INFO - [♥] Applied 12 patches to 'back.lua'
INFO - [♥] Applied 6 patches to 'tag.lua'
INFO - [♥] Applied 1 patch to 'engine/moveable.lua'
INFO - [♥] Applied 2 patches to 'engine/sprite.lua'
INFO - [♥] Applied 2 patches to 'engine/animatedsprite.lua'
INFO - [♥] Applied 41 patches to 'functions/misc_functions.lua'
INFO - [♥] Applied 24 patches to 'game.lua'
INFO - [♥] Applied 1 patch to 'globals.lua'
INFO - [♥] Applied 3 patches to 'engine/ui.lua'
INFO - [♥] Applied 69 patches to 'functions/UI_definitions.lua'
INFO - [♥] Applied 39 patches to 'functions/state_events.lua'
INFO - [♥] Applied 84 patches to 'functions/common_events.lua'
INFO - [♥] Applied 35 patches to 'functions/button_callbacks.lua'
INFO - [♥] Applied 139 patches to 'card.lua'
INFO - [♥] Applied 6 patches to 'cardarea.lua'
INFO - [♥] Applied 30 patches to 'blind.lua'
INFO - [♥] Applied 2 patches to 'engine/text.lua'
INFO - [G] Failed to connect to the debug server
INFO - [G] 2025-02-21 14:25:50 :: DEBUG :: DebugConsole :: Steamodded Debug Socket started !
INFO - [♥] Applied 9 patches to 'engine/sound_manager.lua'
INFO - [♥] Applied 1 patch to 'engine/save_manager.lua'
INFO - [G] 2025-02-21 14:25:52 :: INFO  :: DefaultLogger :: Valid JSON file found
INFO - [G] 2025-02-21 14:25:52 :: TRACE :: Loader :: Processing Mod file (Legacy header): GamepadStyleKeyboardControls.lua
INFO - [G] 2025-02-21 14:25:52 :: TRACE :: Loader :: Saving Mod Info: GamepadStyleKeyboardControls
INFO - [G] 2025-02-21 14:25:52 :: WARN  :: Loader :: Found lone Lua file Riff-Raffling.lua in Mods directory :: Please place the files for each mod in its own subdirectory.
INFO - [G] 2025-02-21 14:25:52 :: TRACE :: Loader :: Processing Mod file (Legacy header): Riff-Raffling.lua
INFO - [G] 2025-02-21 14:25:52 :: TRACE :: Loader :: Saving Mod Info: FTV
INFO - [G] 2025-02-21 14:25:52 :: TRACE :: Loader :: Mod DebugPlus was unable to load: 
INFO - [G] 2025-02-21 14:25:52 :: TRACE :: Loader :: Mod FTV was unable to load: 
INFO - [G] 2025-02-21 14:25:52 :: TRACE :: Loader :: Mod GamepadStyleKeyboardControls was unable to load: 
INFO - [G] 2025-02-21 14:25:52 :: INFO  :: TIMER :: [0000] Injected Language in 0.005 ms
INFO - [G] 2025-02-21 14:25:52 :: INFO  :: TIMER :: [0000] Injected [INTERNAL] in 4.292 ms
INFO - [G] 2025-02-21 14:25:52 :: INFO  :: TIMER :: [0002] Injected Atlas in 577.760 ms
INFO - [G] 2025-02-21 14:25:52 :: INFO  :: TIMER :: [0000] Injected Sound in 0.001 ms
INFO - [G] 2025-02-21 14:25:52 :: INFO  :: TIMER :: [0008] Injected Stake in 0.369 ms
INFO - [G] 2025-02-21 14:25:52 :: INFO  :: TIMER :: [0004] Injected Rarity in 0.032 ms
INFO - [G] 2025-02-21 14:25:52 :: INFO  :: TIMER :: [0004] Injected ObjectType in 0.296 ms
INFO - [G] 2025-02-21 14:25:52 :: INFO  :: TIMER :: [0048] Injected Center in 1.779 ms
INFO - [G] 2025-02-21 14:25:52 :: INFO  :: TIMER :: [0007] Injected Undiscovered Sprite in 0.385 ms
INFO - [G] 2025-02-21 14:25:52 :: INFO  :: TIMER :: [0002] Injected Blind in 0.033 ms
INFO - [G] 2025-02-21 14:25:52 :: INFO  :: TIMER :: [0004] Injected Seal in 0.480 ms
INFO - [G] 2025-02-21 14:25:52 :: INFO  :: TIMER :: [0004] Injected Suit in 0.289 ms
INFO - [G] 2025-02-21 14:25:52 :: INFO  :: TIMER :: [0013] Injected Rank in 0.662 ms
INFO - [G] 2025-02-21 14:25:52 :: INFO  :: TIMER :: [0016] Injected DeckSkin in 0.095 ms
INFO - [G] 2025-02-21 14:25:52 :: INFO  :: TIMER :: [0012] Injected PokerHand in 0.316 ms
INFO - [G] 2025-02-21 14:25:52 :: INFO  :: TIMER :: [0020] Injected Challenge in 0.113 ms
INFO - [G] 2025-02-21 14:25:52 :: INFO  :: TIMER :: [0000] Injected Tag in 0.012 ms
INFO - [G] 2025-02-21 14:25:52 :: INFO  :: TIMER :: [0004] Injected Sticker in 0.265 ms
INFO - [G] 2025-02-21 14:25:52 :: INFO  :: TIMER :: [0000] Injected Shader in 0.004 ms
INFO - [G] 2025-02-21 14:25:52 :: INFO  :: TIMER :: [0001] Injected Keybind in 0.028 ms
INFO - [G] 2025-02-21 14:25:53 :: INFO  :: TIMER :: [0000] Injected Achievement in 0.152 ms
INFO - [G] 2025-02-21 14:25:53 :: INFO  :: TIMER :: [0000] Injected [INTERNAL] in 0.008 ms
INFO - [G] LONG DT @ 2371: 0.1
INFO - [G] LONG DT @ 2371: 0.1
INFO - [G] LONG DT @ 2371: 0.1
INFO - [G] LONG DT @ 2371: 0.1
INFO - [G] LONG DT @ 2371: 0.1
INFO - [G] LONG DT @ 2371: 0.1
INFO - [G] LONG DT @ 2372: 0.1
INFO - [G] LONG DT @ 2372: 0.1
INFO - [G] LONG DT @ 2372: 0.1
INFO - [G] LONG DT @ 2372: 0.1
INFO - [G] LONG DT @ 2372: 0.1
INFO - [G] LONG DT @ 2372: 0.1
INFO - [G] LONG DT @ 2372: 0.1
INFO - [G] LONG DT @ 2372: 0.1
INFO - [G] LONG DT @ 2372: 0.1
INFO - [G] LONG DT @ 2372: 0.1
INFO - [G] LONG DT @ 2373: 0.1
INFO - [G] LONG DT @ 2373: 0.1
INFO - [G] LONG DT @ 2373: 0.1
INFO - [G] LONG DT @ 2373: 0.1
INFO - [G] LONG DT @ 2373: 0.1
INFO - [G] LONG DT @ 2373: 0.1
INFO - [G] LONG DT @ 2373: 0.1
INFO - [G] LONG DT @ 2373: 0.1
INFO - [G] LONG DT @ 2373: 0.1
INFO - [G] LONG DT @ 2373: 0.1
INFO - [G] LONG DT @ 2374: 0.1
INFO - [G] LONG DT @ 2374: 0.1
INFO - [G] LONG DT @ 2374: 0.1
INFO - [G] LONG DT @ 2374: 0.1
INFO - [G] LONG DT @ 2374: 0.1
INFO - [G] LONG DT @ 2374: 0.1
INFO - [G] LONG DT @ 2374: 0.1
INFO - [G] LONG DT @ 2374: 0.1
INFO - [G] LONG DT @ 2374: 0.1
INFO - [G] LONG DT @ 2374: 0.1
INFO - [G] LONG DT @ 2375: 0.1
INFO - [G] LONG DT @ 2375: 0.1
INFO - [G] LONG DT @ 2375: 0.1
INFO - [G] LONG DT @ 2375: 0.1
INFO - [G] LONG DT @ 2375: 0.1
INFO - [G] LONG DT @ 2375: 0.1
INFO - [G] LONG DT @ 2375: 0.1
INFO - [G] LONG DT @ 2375: 0.1
INFO - [G] LONG DT @ 2375: 0.1
INFO - [G] LONG DT @ 2375: 0.1
INFO - [G] LONG DT @ 2376: 0.1
INFO - [G] LONG DT @ 2376: 0.1
INFO - [G] LONG DT @ 2376: 0.1
INFO - [G] LONG DT @ 2376: 0.1
INFO - [G] LONG DT @ 2376: 0.1
INFO - [G] LONG DT @ 2376: 0.1
INFO - [G] LONG DT @ 2376: 0.1
INFO - [G] LONG DT @ 2376: 0.1
INFO - [G] LONG DT @ 2376: 0.1
INFO - [G] LONG DT @ 2376: 0.1
INFO - [G] LONG DT @ 2377: 0.1
INFO - [G] LONG DT @ 2377: 0.1
INFO - [G] LONG DT @ 2377: 0.1
INFO - [G] LONG DT @ 2377: 0.1
INFO - [G] LONG DT @ 2377: 0.1
INFO - [G] LONG DT @ 2377: 0.1
INFO - [G] LONG DT @ 2377: 0.1
INFO - [G] LONG DT @ 2377: 0.1
INFO - [G] LONG DT @ 2377: 0.1
INFO - [G] LONG DT @ 2377: 0.1
INFO - [G] LONG DT @ 2378: 0.1
INFO - [G] LONG DT @ 2378: 0.1
INFO - [G] LONG DT @ 2378: 0.1
INFO - [G] LONG DT @ 2378: 0.1
INFO - [G] LONG DT @ 2378: 0.1
INFO - [G] LONG DT @ 2378: 0.1
INFO - [G] LONG DT @ 2378: 0.1
INFO - [G] LONG DT @ 2378: 0.1
INFO - [G] LONG DT @ 2378: 0.1
INFO - [G] LONG DT @ 2378: 0.1
INFO - [G] LONG DT @ 2379: 0.1
INFO - [G] LONG DT @ 2379: 0.1
INFO - [G] LONG DT @ 2379: 0.1
INFO - [G] LONG DT @ 2379: 0.1
INFO - [G] LONG DT @ 2379: 0.1
INFO - [G] LONG DT @ 2379: 0.1
INFO - [G] LONG DT @ 2379: 0.1
INFO - [G] LONG DT @ 2379: 0.1
INFO - [G] LONG DT @ 2379: 0.1
INFO - [G] LONG DT @ 2379: 0.1
INFO - [G] LONG DT @ 2380: 0.1
INFO - [G] LONG DT @ 2380: 0.1
INFO - [G] LONG DT @ 2380: 0.1
INFO - [G] LONG DT @ 2380: 0.1
INFO - [G] LONG DT @ 2380: 0.1
INFO - [G] LONG DT @ 2380: 0.1
INFO - [G] LONG DT @ 2380: 0.1
INFO - [G] LONG DT @ 2380: 0.1
INFO - [G] LONG DT @ 2380: 0.1
INFO - [G] LONG DT @ 2380: 0.1
INFO - [G] LONG DT @ 2381: 0.1
INFO - [G] LONG DT @ 2381: 0.1
INFO - [G] LONG DT @ 2381: 0.1
INFO - [G] LONG DT @ 2381: 0.1
INFO - [G] LONG DT @ 2381: 0.1
INFO - [G] LONG DT @ 2381: 0.1
INFO - [G] LONG DT @ 2381: 0.1
INFO - [G] LONG DT @ 2381: 0.1
INFO - [G] LONG DT @ 2381: 0.1
INFO - [G] LONG DT @ 2381: 0.1
INFO - [G] LONG DT @ 2382: 0.1
INFO - [G] LONG DT @ 2382: 0.1
INFO - [G] LONG DT @ 2382: 0.1
INFO - [G] LONG DT @ 2382: 0.1
INFO - [G] LONG DT @ 2382: 0.1
INFO - [G] LONG DT @ 2382: 0.1
INFO - [G] LONG DT @ 2382: 0.1
INFO - [G] LONG DT @ 2382: 0.1
INFO - [G] LONG DT @ 2382: 0.1
INFO - [G] LONG DT @ 2382: 0.1
INFO - [G] LONG DT @ 2383: 0.1
INFO - [G] LONG DT @ 2383: 0.1
INFO - [G] LONG DT @ 2383: 0.1
INFO - [G] LONG DT @ 2383: 0.1
INFO - [G] LONG DT @ 2383: 0.1
INFO - [G] LONG DT @ 2383: 0.1
INFO - [G] LONG DT @ 2383: 0.1
INFO - [G] LONG DT @ 2383: 0.1
INFO - [G] LONG DT @ 2383: 0.1
INFO - [G] LONG DT @ 2383: 0.1
INFO - [G] LONG DT @ 2384: 0.1
INFO - [G] LONG DT @ 2384: 0.1
INFO - [G] LONG DT @ 2384: 0.1
INFO - [G] LONG DT @ 2384: 0.1
INFO - [G] LONG DT @ 2384: 0.1
INFO - [G] LONG DT @ 2384: 0.1
INFO - [G] LONG DT @ 2384: 0.1
INFO - [G] LONG DT @ 2384: 0.1
INFO - [G] LONG DT @ 2384: 0.1
INFO - [G] LONG DT @ 2384: 0.1
INFO - [G] LONG DT @ 2385: 0.1
INFO - [G] LONG DT @ 2385: 0.1
INFO - [G] LONG DT @ 2385: 0.1
INFO - [G] LONG DT @ 2385: 0.1
INFO - [G] LONG DT @ 2385: 0.1
INFO - [G] LONG DT @ 2385: 0.1
INFO - [G] LONG DT @ 2385: 0.1
INFO - [G] LONG DT @ 2385: 0.1
INFO - [G] LONG DT @ 2385: 0.1
INFO - [G] LONG DT @ 2385: 0.1
INFO - [G] LONG DT @ 2386: 0.1
INFO - [G] LONG DT @ 2386: 0.1
INFO - [G] LONG DT @ 2386: 0.1
INFO - [G] LONG DT @ 2386: 0.1
INFO - [G] LONG DT @ 2386: 0.1
INFO - [G] LONG DT @ 2386: 0.1
INFO - [G] LONG DT @ 2386: 0.1
INFO - [G] LONG DT @ 2386: 0.1
INFO - [G] LONG DT @ 2386: 0.1
INFO - [G] LONG DT @ 2386: 0.1
INFO - [G] LONG DT @ 2387: 0.1
INFO - [G] LONG DT @ 2387: 0.1
INFO - [G] LONG DT @ 2387: 0.1
INFO - [G] LONG DT @ 2387: 0.1
INFO - [G] LONG DT @ 2387: 0.1
INFO - [G] LONG DT @ 2387: 0.1
INFO - [G] LONG DT @ 2387: 0.1
INFO - [G] LONG DT @ 2387: 0.1
INFO - [G] LONG DT @ 2387: 0.1
INFO - [G] LONG DT @ 2387: 0.1
INFO - [G] LONG DT @ 2388: 0.1
INFO - [G] LONG DT @ 2388: 0.1
INFO - [G] LONG DT @ 2388: 0.1
INFO - [G] LONG DT @ 2388: 0.1
INFO - [G] LONG DT @ 2388: 0.1
INFO - [G] LONG DT @ 2388: 0.1
INFO - [G] LONG DT @ 2388: 0.1
INFO - [G] LONG DT @ 2388: 0.1
INFO - [G] LONG DT @ 2388: 0.1
INFO - [G] LONG DT @ 2388: 0.1
INFO - [G] LONG DT @ 2389: 0.1
INFO - [G] LONG DT @ 2389: 0.1
INFO - [G] LONG DT @ 2389: 0.1
INFO - [G] LONG DT @ 2389: 0.1
INFO - [G] LONG DT @ 2389: 0.1
INFO - [G] LONG DT @ 2389: 0.1
INFO - [G] LONG DT @ 2389: 0.1
INFO - [G] LONG DT @ 2389: 0.1
INFO - [G] LONG DT @ 2389: 0.1
INFO - [G] LONG DT @ 2389: 0.1
INFO - [G] LONG DT @ 2390: 0.1
INFO - [G] LONG DT @ 2390: 0.1
INFO - [G] LONG DT @ 2390: 0.1
INFO - [G] LONG DT @ 2390: 0.1
INFO - [G] LONG DT @ 2390: 0.1
INFO - [G] LONG DT @ 2390: 0.1
INFO - [G] LONG DT @ 2390: 0.1
INFO - [G] LONG DT @ 2390: 0.1
INFO - [G] LONG DT @ 2390: 0.1
INFO - [G] LONG DT @ 2390: 0.1
INFO - [G] LONG DT @ 2391: 0.1
INFO - [G] LONG DT @ 2391: 0.1
INFO - [G] LONG DT @ 2391: 0.085191019999984
INFO - [G] LONG DT @ 2391: 0.1
INFO - [G] LONG DT @ 2391: 0.1
INFO - [G] LONG DT @ 2391: 0.1
INFO - [G] LONG DT @ 2391: 0.1
INFO - [G] LONG DT @ 2391: 0.1
INFO - [G] LONG DT @ 2391: 0.1
INFO - [G] LONG DT @ 2391: 0.1
INFO - [G] LONG DT @ 2392: 0.1
INFO - [G] LONG DT @ 2392: 0.1
INFO - [G] LONG DT @ 2392: 0.1
INFO - [G] LONG DT @ 2392: 0.1
INFO - [G] LONG DT @ 2392: 0.1
INFO - [G] LONG DT @ 2392: 0.1
INFO - [G] LONG DT @ 2392: 0.1
INFO - [G] LONG DT @ 2392: 0.1
INFO - [G] LONG DT @ 2392: 0.1
INFO - [G] LONG DT @ 2392: 0.1
INFO - [G] LONG DT @ 2393: 0.1
INFO - [G] LONG DT @ 2393: 0.1
INFO - [G] LONG DT @ 2393: 0.1
INFO - [G] LONG DT @ 2393: 0.1
INFO - [G] LONG DT @ 2393: 0.1
INFO - [G] LONG DT @ 2393: 0.1
INFO - [G] LONG DT @ 2393: 0.1
INFO - [G] LONG DT @ 2393: 0.1
INFO - [G] LONG DT @ 2393: 0.1
INFO - [G] LONG DT @ 2393: 0.1
INFO - [G] LONG DT @ 2394: 0.1
INFO - [G] LONG DT @ 2394: 0.1
INFO - [G] LONG DT @ 2394: 0.1
INFO - [G] LONG DT @ 2394: 0.1
INFO - [G] LONG DT @ 2394: 0.1
INFO - [G] LONG DT @ 2394: 0.1
INFO - [G] LONG DT @ 2394: 0.1
INFO - [G] LONG DT @ 2394: 0.1
INFO - [G] LONG DT @ 2394: 0.1
INFO - [G] LONG DT @ 2394: 0.1
INFO - [G] LONG DT @ 2395: 0.1
INFO - [G] LONG DT @ 2395: 0.1
INFO - [G] LONG DT @ 2395: 0.1
INFO - [G] LONG DT @ 2395: 0.1
INFO - [G] LONG DT @ 2395: 0.1
INFO - [G] LONG DT @ 2395: 0.1
INFO - [G] LONG DT @ 2395: 0.1
INFO - [G] LONG DT @ 2395: 0.1
INFO - [G] LONG DT @ 2395: 0.1
INFO - [G] LONG DT @ 2395: 0.1
INFO - [G] LONG DT @ 2396: 0.1
INFO - [G] LONG DT @ 2396: 0.1
INFO - [G] LONG DT @ 2396: 0.1
INFO - [G] LONG DT @ 2396: 0.1
INFO - [G] LONG DT @ 2396: 0.1
INFO - [G] LONG DT @ 2396: 0.1
INFO - [G] LONG DT @ 2396: 0.1
INFO - [G] LONG DT @ 2396: 0.1
INFO - [G] LONG DT @ 2396: 0.1
INFO - [G] LONG DT @ 2396: 0.1
INFO - [G] LONG DT @ 2397: 0.1
INFO - [G] LONG DT @ 2397: 0.1
INFO - [G] LONG DT @ 2397: 0.1
INFO - [G] LONG DT @ 2397: 0.1
INFO - [G] LONG DT @ 2397: 0.1
INFO - [G] LONG DT @ 2397: 0.1
INFO - [G] LONG DT @ 2397: 0.1
INFO - [G] LONG DT @ 2397: 0.1
INFO - [G] LONG DT @ 2397: 0.1
INFO - [G] LONG DT @ 2397: 0.1
INFO - [G] LONG DT @ 2398: 0.1
INFO - [G] LONG DT @ 2398: 0.1
INFO - [G] LONG DT @ 2398: 0.1
INFO - [G] LONG DT @ 2398: 0.1
INFO - [G] LONG DT @ 2398: 0.1
INFO - [G] LONG DT @ 2398: 0.1
INFO - [G] LONG DT @ 2398: 0.1
INFO - [G] LONG DT @ 2398: 0.1
INFO - [G] LONG DT @ 2398: 0.1
INFO - [G] LONG DT @ 2398: 0.1
INFO - [G] LONG DT @ 2399: 0.1
INFO - [G] LONG DT @ 2399: 0.084291620000004
INFO - [G] LONG DT @ 2399: 0.071072255999992
INFO - [G] LONG DT @ 2399: 0.059792344800018
INFO - [G] LONG DT @ 2399: 0.051673615839981
INFO - [G] LONG DT @ 2904: 0.1
INFO - [G] LONG DT @ 2904: 0.1
INFO - [G] LONG DT @ 2904: 0.1
INFO - [G] LONG DT @ 2904: 0.1
INFO - [G] LONG DT @ 2905: 0.1
INFO - [G] LONG DT @ 2905: 0.1
INFO - [G] LONG DT @ 2905: 0.1
INFO - [G] LONG DT @ 2905: 0.1
INFO - [G] LONG DT @ 2905: 0.1
INFO - [G] LONG DT @ 2905: 0.085348460000005
INFO - [G] LONG DT @ 2905: 0.071646267999971
INFO - [G] LONG DT @ 2905: 0.059338594399996
INFO - [G] LONG DT @ 2905: 0.050742795519949
